[2021-05-04 15:09:21] local.ERROR: Intervention\Image\Exception\NotWritableException: Can't write image data to path (images/162012472831673919_235x100.jpg) in /home/admin/domains/ketabnews.com/source/vendor/intervention/image/src/Intervention/Image/Image.php:143
Stack trace:
#0 /home/admin/domains/ketabnews.com/source/app/Http/Controllers/FileController.php(62): Intervention\Image\Image->save()
#1 [internal function]: App\Http\Controllers\FileController->create()
#2 /home/admin/domains/ketabnews.com/source/vendor/laravel/framework/src/Illuminate/Routing/Controller.php(55): call_user_func_array()
#3 /home/admin/domains/ketabnews.com/source/vendor/laravel/framework/src/Illuminate/Routing/ControllerDispatcher.php(44): Illuminate\Routing\Controller->callAction()
#4 /home/admin/domains/ketabnews.com/source/vendor/laravel/framework/src/Illuminate/Routing/Route.php(189): Illuminate\Routing\ControllerDispatcher->dispatch()
#5 /home/admin/domains/ketabnews.com/source/vendor/laravel/framework/src/Illuminate/Routing/Route.php(144): Illuminate\Routing\Route->runController()
#6 /home/admin/domains/ketabnews.com/source/vendor/laravel/framework/src/Illuminate/Routing/Router.php(653): Illuminate\Routing\Route->run()
#7 /home/admin/domains/ketabnews.com/source/vendor/laravel/framework/src/Illuminate/Routing/Pipeline.php(53): Illuminate\Routing\Router->Illuminate\Routing\{closure}()
#8 /home/admin/domains/ketabnews.com/source/vendor/laravel/framework/src/Illuminate/Routing/Middleware/SubstituteBindings.php(41): Illuminate\Routing\Pipeline->Illuminate\Routing\{closure}()
#9 /home/admin/domains/ketabnews.com/source/vendor/laravel/framework/src/Illuminate/Pipeline/Pipeline.php(137): Illuminate\Routing\Middleware\SubstituteBindings->handle()
#10 /home/admin/domains/ketabnews.com/source/vendor/laravel/framework/src/Illuminate/Routing/Pipeline.php(33): Illuminate\Pipeline\Pipeline->Illuminate\Pipeline\{closure}()
#11 /home/admin/domains/ketabnews.com/source/vendor/laravel/framework/src/Illuminate/Foundation/Http/Middleware/VerifyCsrfToken.php(65): Illuminate\Routing\Pipeline->Illuminate\Routing\{closure}()
#12 /home/admin/domains/ketabnews.com/source/vendor/laravel/framework/src/Illuminate/Pipeline/Pipeline.php(137): Illuminate\Foundation\Http\Middleware\VerifyCsrfToken->handle()
#13 /home/admin/domains/ketabnews.com/source/vendor/laravel/framework/src/Illuminate/Routing/Pipeline.php(33): Illuminate\Pipeline\Pipeline->Illuminate\Pipeline\{closure}()
#14 /home/admin/domains/ketabnews.com/source/vendor/laravel/framework/src/Illuminate/View/Middleware/ShareErrorsFromSession.php(49): Illuminate\Routing\Pipeline->Illuminate\Routing\{closure}()
#15 /home/admin/domains/ketabnews.com/source/vendor/laravel/framework/src/Illuminate/Pipeline/Pipeline.php(137): Illuminate\View\Middleware\ShareErrorsFromSession->handle()
#16 /home/admin/domains/ketabnews.com/source/vendor/laravel/framework/src/Illuminate/Routing/Pipeline.php(33): Illuminate\Pipeline\Pipeline->Illuminate\Pipeline\{closure}()
#17 /home/admin/domains/ketabnews.com/source/vendor/laravel/framework/src/Illuminate/Session/Middleware/StartSession.php(64): Illuminate\Routing\Pipeline->Illuminate\Routing\{closure}()
#18 /home/admin/domains/ketabnews.com/source/vendor/laravel/framework/src/Illuminate/Pipeline/Pipeline.php(137): Illuminate\Session\Middleware\StartSession->handle()
#19 /home/admin/domains/ketabnews.com/source/vendor/laravel/framework/src/Illuminate/Routing/Pipeline.php(33): Illuminate\Pipeline\Pipeline->Illuminate\Pipeline\{closure}()
#20 /home/admin/domains/ketabnews.com/source/vendor/laravel/framework/src/Illuminate/Cookie/Middleware/AddQueuedCookiesToResponse.php(37): Illuminate\Routing\Pipeline->Illuminate\Routing\{closure}()
#21 /home/admin/domains/ketabnews.com/source/vendor/laravel/framework/src/Illuminate/Pipeline/Pipeline.php(137): Illuminate\Cookie\Middleware\AddQueuedCookiesToResponse->handle()
#22 /home/admin/domains/ketabnews.com/source/vendor/laravel/framework/src/Illuminate/Routing/Pipeline.php(33): Illuminate\Pipeline\Pipeline->Illuminate\Pipeline\{closure}()
#23 /home/admin/domains/ketabnews.com/source/vendor/laravel/framework/src/Illuminate/Cookie/Middleware/EncryptCookies.php(59): Illuminate\Routing\Pipeline->Illuminate\Routing\{closure}()
#24 /home/admin/domains/ketabnews.com/source/vendor/laravel/framework/src/Illuminate/Pipeline/Pipeline.php(137): Illuminate\Cookie\Middleware\EncryptCookies->handle()
#25 /home/admin/domains/ketabnews.com/source/vendor/laravel/framework/src/Illuminate/Routing/Pipeline.php(33): Illuminate\Pipeline\Pipeline->Illuminate\Pipeline\{closure}()
#26 /home/admin/domains/ketabnews.com/source/vendor/laravel/framework/src/Illuminate/Pipeline/Pipeline.php(104): Illuminate\Routing\Pipeline->Illuminate\Routing\{closure}()
#27 /home/admin/domains/ketabnews.com/source/vendor/laravel/framework/src/Illuminate/Routing/Router.php(655): Illuminate\Pipeline\Pipeline->then()
#28 /home/admin/domains/ketabnews.com/source/vendor/laravel/framework/src/Illuminate/Routing/Router.php(629): Illuminate\Routing\Router->runRouteWithinStack()
#29 /home/admin/domains/ketabnews.com/source/vendor/laravel/framework/src/Illuminate/Routing/Router.php(607): Illuminate\Routing\Router->dispatchToRoute()
#30 /home/admin/domains/ketabnews.com/source/vendor/laravel/framework/src/Illuminate/Foundation/Http/Kernel.php(268): Illuminate\Routing\Router->dispatch()
#31 /home/admin/domains/ketabnews.com/source/vendor/laravel/framework/src/Illuminate/Routing/Pipeline.php(53): Illuminate\Foundation\Http\Kernel->Illuminate\Foundation\Http\{closure}()
#32 /home/admin/domains/ketabnews.com/source/vendor/laravel/framework/src/Illuminate/Foundation/Http/Middleware/CheckForMaintenanceMode.php(46): Illuminate\Routing\Pipeline->Illuminate\Routing\{closure}()
#33 /home/admin/domains/ketabnews.com/source/vendor/laravel/framework/src/Illuminate/Pipeline/Pipeline.php(137): Illuminate\Foundation\Http\Middleware\CheckForMaintenanceMode->handle()
#34 /home/admin/domains/ketabnews.com/source/vendor/laravel/framework/src/Illuminate/Routing/Pipeline.php(33): Illuminate\Pipeline\Pipeline->Illuminate\Pipeline\{closure}()
#35 /home/admin/domains/ketabnews.com/source/vendor/laravel/framework/src/Illuminate/Pipeline/Pipeline.php(104): Illuminate\Routing\Pipeline->Illuminate\Routing\{closure}()
#36 /home/admin/domains/ketabnews.com/source/vendor/laravel/framework/src/Illuminate/Foundation/Http/Kernel.php(150): Illuminate\Pipeline\Pipeline->then()
#37 /home/admin/domains/ketabnews.com/source/vendor/laravel/framework/src/Illuminate/Foundation/Http/Kernel.php(117): Illuminate\Foundation\Http\Kernel->sendRequestThroughRouter()
#38 /home/admin/domains/ketabnews.com/public_html/index.php(53): Illuminate\Foundation\Http\Kernel->handle()
#39 {main}  
[2021-05-04 19:32:24] local.ERROR: Intervention\Image\Exception\NotWritableException: Can't write image data to path (images/162012472831673919_235x100.jpg) in /home/admin/domains/ketabnews.com/source/vendor/intervention/image/src/Intervention/Image/Image.php:143
Stack trace:
#0 /home/admin/domains/ketabnews.com/source/app/Http/Controllers/FileController.php(62): Intervention\Image\Image->save()
#1 [internal function]: App\Http\Controllers\FileController->create()
#2 /home/admin/domains/ketabnews.com/source/vendor/laravel/framework/src/Illuminate/Routing/Controller.php(55): call_user_func_array()
#3 /home/admin/domains/ketabnews.com/source/vendor/laravel/framework/src/Illuminate/Routing/ControllerDispatcher.php(44): Illuminate\Routing\Controller->callAction()
#4 /home/admin/domains/ketabnews.com/source/vendor/laravel/framework/src/Illuminate/Routing/Route.php(189): Illuminate\Routing\ControllerDispatcher->dispatch()
#5 /home/admin/domains/ketabnews.com/source/vendor/laravel/framework/src/Illuminate/Routing/Route.php(144): Illuminate\Routing\Route->runController()
#6 /home/admin/domains/ketabnews.com/source/vendor/laravel/framework/src/Illuminate/Routing/Router.php(653): Illuminate\Routing\Route->run()
#7 /home/admin/domains/ketabnews.com/source/vendor/laravel/framework/src/Illuminate/Routing/Pipeline.php(53): Illuminate\Routing\Router->Illuminate\Routing\{closure}()
#8 /home/admin/domains/ketabnews.com/source/vendor/laravel/framework/src/Illuminate/Routing/Middleware/SubstituteBindings.php(41): Illuminate\Routing\Pipeline->Illuminate\Routing\{closure}()
#9 /home/admin/domains/ketabnews.com/source/vendor/laravel/framework/src/Illuminate/Pipeline/Pipeline.php(137): Illuminate\Routing\Middleware\SubstituteBindings->handle()
#10 /home/admin/domains/ketabnews.com/source/vendor/laravel/framework/src/Illuminate/Routing/Pipeline.php(33): Illuminate\Pipeline\Pipeline->Illuminate\Pipeline\{closure}()
#11 /home/admin/domains/ketabnews.com/source/vendor/laravel/framework/src/Illuminate/Foundation/Http/Middleware/VerifyCsrfToken.php(65): Illuminate\Routing\Pipeline->Illuminate\Routing\{closure}()
#12 /home/admin/domains/ketabnews.com/source/vendor/laravel/framework/src/Illuminate/Pipeline/Pipeline.php(137): Illuminate\Foundation\Http\Middleware\VerifyCsrfToken->handle()
#13 /home/admin/domains/ketabnews.com/source/vendor/laravel/framework/src/Illuminate/Routing/Pipeline.php(33): Illuminate\Pipeline\Pipeline->Illuminate\Pipeline\{closure}()
#14 /home/admin/domains/ketabnews.com/source/vendor/laravel/framework/src/Illuminate/View/Middleware/ShareErrorsFromSession.php(49): Illuminate\Routing\Pipeline->Illuminate\Routing\{closure}()
#15 /home/admin/domains/ketabnews.com/source/vendor/laravel/framework/src/Illuminate/Pipeline/Pipeline.php(137): Illuminate\View\Middleware\ShareErrorsFromSession->handle()
#16 /home/admin/domains/ketabnews.com/source/vendor/laravel/framework/src/Illuminate/Routing/Pipeline.php(33): Illuminate\Pipeline\Pipeline->Illuminate\Pipeline\{closure}()
#17 /home/admin/domains/ketabnews.com/source/vendor/laravel/framework/src/Illuminate/Session/Middleware/StartSession.php(64): Illuminate\Routing\Pipeline->Illuminate\Routing\{closure}()
#18 /home/admin/domains/ketabnews.com/source/vendor/laravel/framework/src/Illuminate/Pipeline/Pipeline.php(137): Illuminate\Session\Middleware\StartSession->handle()
#19 /home/admin/domains/ketabnews.com/source/vendor/laravel/framework/src/Illuminate/Routing/Pipeline.php(33): Illuminate\Pipeline\Pipeline->Illuminate\Pipeline\{closure}()
#20 /home/admin/domains/ketabnews.com/source/vendor/laravel/framework/src/Illuminate/Cookie/Middleware/AddQueuedCookiesToResponse.php(37): Illuminate\Routing\Pipeline->Illuminate\Routing\{closure}()
#21 /home/admin/domains/ketabnews.com/source/vendor/laravel/framework/src/Illuminate/Pipeline/Pipeline.php(137): Illuminate\Cookie\Middleware\AddQueuedCookiesToResponse->handle()
#22 /home/admin/domains/ketabnews.com/source/vendor/laravel/framework/src/Illuminate/Routing/Pipeline.php(33): Illuminate\Pipeline\Pipeline->Illuminate\Pipeline\{closure}()
#23 /home/admin/domains/ketabnews.com/source/vendor/laravel/framework/src/Illuminate/Cookie/Middleware/EncryptCookies.php(59): Illuminate\Routing\Pipeline->Illuminate\Routing\{closure}()
#24 /home/admin/domains/ketabnews.com/source/vendor/laravel/framework/src/Illuminate/Pipeline/Pipeline.php(137): Illuminate\Cookie\Middleware\EncryptCookies->handle()
#25 /home/admin/domains/ketabnews.com/source/vendor/laravel/framework/src/Illuminate/Routing/Pipeline.php(33): Illuminate\Pipeline\Pipeline->Illuminate\Pipeline\{closure}()
#26 /home/admin/domains/ketabnews.com/source/vendor/laravel/framework/src/Illuminate/Pipeline/Pipeline.php(104): Illuminate\Routing\Pipeline->Illuminate\Routing\{closure}()
#27 /home/admin/domains/ketabnews.com/source/vendor/laravel/framework/src/Illuminate/Routing/Router.php(655): Illuminate\Pipeline\Pipeline->then()
#28 /home/admin/domains/ketabnews.com/source/vendor/laravel/framework/src/Illuminate/Routing/Router.php(629): Illuminate\Routing\Router->runRouteWithinStack()
#29 /home/admin/domains/ketabnews.com/source/vendor/laravel/framework/src/Illuminate/Routing/Router.php(607): Illuminate\Routing\Router->dispatchToRoute()
#30 /home/admin/domains/ketabnews.com/source/vendor/laravel/framework/src/Illuminate/Foundation/Http/Kernel.php(268): Illuminate\Routing\Router->dispatch()
#31 /home/admin/domains/ketabnews.com/source/vendor/laravel/framework/src/Illuminate/Routing/Pipeline.php(53): Illuminate\Foundation\Http\Kernel->Illuminate\Foundation\Http\{closure}()
#32 /home/admin/domains/ketabnews.com/source/vendor/laravel/framework/src/Illuminate/Foundation/Http/Middleware/CheckForMaintenanceMode.php(46): Illuminate\Routing\Pipeline->Illuminate\Routing\{closure}()
#33 /home/admin/domains/ketabnews.com/source/vendor/laravel/framework/src/Illuminate/Pipeline/Pipeline.php(137): Illuminate\Foundation\Http\Middleware\CheckForMaintenanceMode->handle()
#34 /home/admin/domains/ketabnews.com/source/vendor/laravel/framework/src/Illuminate/Routing/Pipeline.php(33): Illuminate\Pipeline\Pipeline->Illuminate\Pipeline\{closure}()
#35 /home/admin/domains/ketabnews.com/source/vendor/laravel/framework/src/Illuminate/Pipeline/Pipeline.php(104): Illuminate\Routing\Pipeline->Illuminate\Routing\{closure}()
#36 /home/admin/domains/ketabnews.com/source/vendor/laravel/framework/src/Illuminate/Foundation/Http/Kernel.php(150): Illuminate\Pipeline\Pipeline->then()
#37 /home/admin/domains/ketabnews.com/source/vendor/laravel/framework/src/Illuminate/Foundation/Http/Kernel.php(117): Illuminate\Foundation\Http\Kernel->sendRequestThroughRouter()
#38 /home/admin/domains/ketabnews.com/public_html/index.php(53): Illuminate\Foundation\Http\Kernel->handle()
#39 {main}  
[2021-05-04 20:43:03] local.ERROR: ErrorException: Unparenthesized `a ? b : c ? d : e` is deprecated. Use either `(a ? b : c) ? d : e` or `a ? b : (c ? d : e)` in /home/admin/domains/ketabnews.com/source/storage/framework/views/9ddc2efff0fb60c48dd11ef02f76f0b4cd17905b.php:5
Stack trace:
#0 /home/admin/domains/ketabnews.com/source/vendor/laravel/framework/src/Illuminate/View/Engines/PhpEngine.php(42): Illuminate\Foundation\Bootstrap\HandleExceptions->handleError()
#1 /home/admin/domains/ketabnews.com/source/vendor/laravel/framework/src/Illuminate/View/Engines/PhpEngine.php(42): include()
#2 /home/admin/domains/ketabnews.com/source/vendor/laravel/framework/src/Illuminate/View/Engines/CompilerEngine.php(59): Illuminate\View\Engines\PhpEngine->evaluatePath()
#3 /home/admin/domains/ketabnews.com/source/vendor/laravel/framework/src/Illuminate/View/View.php(149): Illuminate\View\Engines\CompilerEngine->get()
#4 /home/admin/domains/ketabnews.com/source/vendor/laravel/framework/src/Illuminate/View/View.php(120): Illuminate\View\View->getContents()
#5 /home/admin/domains/ketabnews.com/source/vendor/laravel/framework/src/Illuminate/View/View.php(85): Illuminate\View\View->renderContents()
#6 /home/admin/domains/ketabnews.com/source/storage/framework/views/0379f6f3481e40755eb338ae5e7161778a599531.php(54): Illuminate\View\View->render()
#7 /home/admin/domains/ketabnews.com/source/vendor/laravel/framework/src/Illuminate/View/Engines/PhpEngine.php(42): include('/home/admin/dom...')
#8 /home/admin/domains/ketabnews.com/source/vendor/laravel/framework/src/Illuminate/View/Engines/CompilerEngine.php(59): Illuminate\View\Engines\PhpEngine->evaluatePath()
#9 /home/admin/domains/ketabnews.com/source/vendor/laravel/framework/src/Illuminate/View/View.php(149): Illuminate\View\Engines\CompilerEngine->get()
#10 /home/admin/domains/ketabnews.com/source/vendor/laravel/framework/src/Illuminate/View/View.php(120): Illuminate\View\View->getContents()
#11 /home/admin/domains/ketabnews.com/source/vendor/laravel/framework/src/Illuminate/View/View.php(85): Illuminate\View\View->renderContents()
#12 /home/admin/domains/ketabnews.com/source/vendor/laravel/framework/src/Illuminate/Http/Response.php(45): Illuminate\View\View->render()
#13 /home/admin/domains/ketabnews.com/source/vendor/symfony/http-foundation/Response.php(201): Illuminate\Http\Response->setContent()
#14 /home/admin/domains/ketabnews.com/source/vendor/laravel/framework/src/Illuminate/Routing/Router.php(1028): Symfony\Component\HttpFoundation\Response->__construct()
#15 /home/admin/domains/ketabnews.com/source/vendor/laravel/framework/src/Illuminate/Routing/Router.php(653): Illuminate\Routing\Router->prepareResponse()
#16 /home/admin/domains/ketabnews.com/source/vendor/laravel/framework/src/Illuminate/Routing/Pipeline.php(53): Illuminate\Routing\Router->Illuminate\Routing\{closure}()
#17 /home/admin/domains/ketabnews.com/source/app/Http/Middleware/CheckPermission.php(21): Illuminate\Routing\Pipeline->Illuminate\Routing\{closure}()
#18 /home/admin/domains/ketabnews.com/source/vendor/laravel/framework/src/Illuminate/Pipeline/Pipeline.php(137): App\Http\Middleware\CheckPermission->handle()
#19 /home/admin/domains/ketabnews.com/source/vendor/laravel/framework/src/Illuminate/Routing/Pipeline.php(33): Illuminate\Pipeline\Pipeline->Illuminate\Pipeline\{closure}()
#20 /home/admin/domains/ketabnews.com/source/vendor/laravel/framework/src/Illuminate/Routing/Middleware/SubstituteBindings.php(41): Illuminate\Routing\Pipeline->Illuminate\Routing\{closure}()
#21 /home/admin/domains/ketabnews.com/source/vendor/laravel/framework/src/Illuminate/Pipeline/Pipeline.php(137): Illuminate\Routing\Middleware\SubstituteBindings->handle()
#22 /home/admin/domains/ketabnews.com/source/vendor/laravel/framework/src/Illuminate/Routing/Pipeline.php(33): Illuminate\Pipeline\Pipeline->Illuminate\Pipeline\{closure}()
#23 /home/admin/domains/ketabnews.com/source/vendor/laravel/framework/src/Illuminate/Auth/Middleware/Authenticate.php(43): Illuminate\Routing\Pipeline->Illuminate\Routing\{closure}()
#24 /home/admin/domains/ketabnews.com/source/vendor/laravel/framework/src/Illuminate/Pipeline/Pipeline.php(137): Illuminate\Auth\Middleware\Authenticate->handle()
#25 /home/admin/domains/ketabnews.com/source/vendor/laravel/framework/src/Illuminate/Routing/Pipeline.php(33): Illuminate\Pipeline\Pipeline->Illuminate\Pipeline\{closure}()
#26 /home/admin/domains/ketabnews.com/source/vendor/laravel/framework/src/Illuminate/Foundation/Http/Middleware/VerifyCsrfToken.php(65): Illuminate\Routing\Pipeline->Illuminate\Routing\{closure}()
#27 /home/admin/domains/ketabnews.com/source/vendor/laravel/framework/src/Illuminate/Pipeline/Pipeline.php(137): Illuminate\Foundation\Http\Middleware\VerifyCsrfToken->handle()
#28 /home/admin/domains/ketabnews.com/source/vendor/laravel/framework/src/Illuminate/Routing/Pipeline.php(33): Illuminate\Pipeline\Pipeline->Illuminate\Pipeline\{closure}()
#29 /home/admin/domains/ketabnews.com/source/vendor/laravel/framework/src/Illuminate/View/Middleware/ShareErrorsFromSession.php(49): Illuminate\Routing\Pipeline->Illuminate\Routing\{closure}()
#30 /home/admin/domains/ketabnews.com/source/vendor/laravel/framework/src/Illuminate/Pipeline/Pipeline.php(137): Illuminate\View\Middleware\ShareErrorsFromSession->handle()
#31 /home/admin/domains/ketabnews.com/source/vendor/laravel/framework/src/Illuminate/Routing/Pipeline.php(33): Illuminate\Pipeline\Pipeline->Illuminate\Pipeline\{closure}()
#32 /home/admin/domains/ketabnews.com/source/vendor/laravel/framework/src/Illuminate/Session/Middleware/StartSession.php(64): Illuminate\Routing\Pipeline->Illuminate\Routing\{closure}()
#33 /home/admin/domains/ketabnews.com/source/vendor/laravel/framework/src/Illuminate/Pipeline/Pipeline.php(137): Illuminate\Session\Middleware\StartSession->handle()
#34 /home/admin/domains/ketabnews.com/source/vendor/laravel/framework/src/Illuminate/Routing/Pipeline.php(33): Illuminate\Pipeline\Pipeline->Illuminate\Pipeline\{closure}()
#35 /home/admin/domains/ketabnews.com/source/vendor/laravel/framework/src/Illuminate/Cookie/Middleware/AddQueuedCookiesToResponse.php(37): Illuminate\Routing\Pipeline->Illuminate\Routing\{closure}()
#36 /home/admin/domains/ketabnews.com/source/vendor/laravel/framework/src/Illuminate/Pipeline/Pipeline.php(137): Illuminate\Cookie\Middleware\AddQueuedCookiesToResponse->handle()
#37 /home/admin/domains/ketabnews.com/source/vendor/laravel/framework/src/Illuminate/Routing/Pipeline.php(33): Illuminate\Pipeline\Pipeline->Illuminate\Pipeline\{closure}()
#38 /home/admin/domains/ketabnews.com/source/vendor/laravel/framework/src/Illuminate/Cookie/Middleware/EncryptCookies.php(59): Illuminate\Routing\Pipeline->Illuminate\Routing\{closure}()
#39 /home/admin/domains/ketabnews.com/source/vendor/laravel/framework/src/Illuminate/Pipeline/Pipeline.php(137): Illuminate\Cookie\Middleware\EncryptCookies->handle()
#40 /home/admin/domains/ketabnews.com/source/vendor/laravel/framework/src/Illuminate/Routing/Pipeline.php(33): Illuminate\Pipeline\Pipeline->Illuminate\Pipeline\{closure}()
#41 /home/admin/domains/ketabnews.com/source/vendor/laravel/framework/src/Illuminate/Pipeline/Pipeline.php(104): Illuminate\Routing\Pipeline->Illuminate\Routing\{closure}()
#42 /home/admin/domains/ketabnews.com/source/vendor/laravel/framework/src/Illuminate/Routing/Router.php(655): Illuminate\Pipeline\Pipeline->then()
#43 /home/admin/domains/ketabnews.com/source/vendor/laravel/framework/src/Illuminate/Routing/Router.php(629): Illuminate\Routing\Router->runRouteWithinStack()
#44 /home/admin/domains/ketabnews.com/source/vendor/laravel/framework/src/Illuminate/Routing/Router.php(607): Illuminate\Routing\Router->dispatchToRoute()
#45 /home/admin/domains/ketabnews.com/source/vendor/laravel/framework/src/Illuminate/Foundation/Http/Kernel.php(268): Illuminate\Routing\Router->dispatch()
#46 /home/admin/domains/ketabnews.com/source/vendor/laravel/framework/src/Illuminate/Routing/Pipeline.php(53): Illuminate\Foundation\Http\Kernel->Illuminate\Foundation\Http\{closure}()
#47 /home/admin/domains/ketabnews.com/source/vendor/laravel/framework/src/Illuminate/Foundation/Http/Middleware/CheckForMaintenanceMode.php(46): Illuminate\Routing\Pipeline->Illuminate\Routing\{closure}()
#48 /home/admin/domains/ketabnews.com/source/vendor/laravel/framework/src/Illuminate/Pipeline/Pipeline.php(137): Illuminate\Foundation\Http\Middleware\CheckForMaintenanceMode->handle()
#49 /home/admin/domains/ketabnews.com/source/vendor/laravel/framework/src/Illuminate/Routing/Pipeline.php(33): Illuminate\Pipeline\Pipeline->Illuminate\Pipeline\{closure}()
#50 /home/admin/domains/ketabnews.com/source/vendor/laravel/framework/src/Illuminate/Pipeline/Pipeline.php(104): Illuminate\Routing\Pipeline->Illuminate\Routing\{closure}()
#51 /home/admin/domains/ketabnews.com/source/vendor/laravel/framework/src/Illuminate/Foundation/Http/Kernel.php(150): Illuminate\Pipeline\Pipeline->then()
#52 /home/admin/domains/ketabnews.com/source/vendor/laravel/framework/src/Illuminate/Foundation/Http/Kernel.php(117): Illuminate\Foundation\Http\Kernel->sendRequestThroughRouter()
#53 /home/admin/domains/ketabnews.com/public_html/index.php(53): Illuminate\Foundation\Http\Kernel->handle()
#54 {main}

Next ErrorException: Unparenthesized `a ? b : c ? d : e` is deprecated. Use either `(a ? b : c) ? d : e` or `a ? b : (c ? d : e)` (View: /home/admin/domains/ketabnews.com/source/resources/views/partials/fulltext.blade.php) in /home/admin/domains/ketabnews.com/source/storage/framework/views/9ddc2efff0fb60c48dd11ef02f76f0b4cd17905b.php:5
Stack trace:
#0 /home/admin/domains/ketabnews.com/source/vendor/laravel/framework/src/Illuminate/View/Engines/PhpEngine.php(44): Illuminate\View\Engines\CompilerEngine->handleViewException()
#1 /home/admin/domains/ketabnews.com/source/vendor/laravel/framework/src/Illuminate/View/Engines/CompilerEngine.php(59): Illuminate\View\Engines\PhpEngine->evaluatePath()
#2 /home/admin/domains/ketabnews.com/source/vendor/laravel/framework/src/Illuminate/View/View.php(149): Illuminate\View\Engines\CompilerEngine->get()
#3 /home/admin/domains/ketabnews.com/source/vendor/laravel/framework/src/Illuminate/View/View.php(120): Illuminate\View\View->getContents()
#4 /home/admin/domains/ketabnews.com/source/vendor/laravel/framework/src/Illuminate/View/View.php(85): Illuminate\View\View->renderContents()
#5 /home/admin/domains/ketabnews.com/source/storage/framework/views/0379f6f3481e40755eb338ae5e7161778a599531.php(54): Illuminate\View\View->render()
#6 /home/admin/domains/ketabnews.com/source/vendor/laravel/framework/src/Illuminate/View/Engines/PhpEngine.php(42): include('/home/admin/dom...')
#7 /home/admin/domains/ketabnews.com/source/vendor/laravel/framework/src/Illuminate/View/Engines/CompilerEngine.php(59): Illuminate\View\Engines\PhpEngine->evaluatePath()
#8 /home/admin/domains/ketabnews.com/source/vendor/laravel/framework/src/Illuminate/View/View.php(149): Illuminate\View\Engines\CompilerEngine->get()
#9 /home/admin/domains/ketabnews.com/source/vendor/laravel/framework/src/Illuminate/View/View.php(120): Illuminate\View\View->getContents()
#10 /home/admin/domains/ketabnews.com/source/vendor/laravel/framework/src/Illuminate/View/View.php(85): Illuminate\View\View->renderContents()
#11 /home/admin/domains/ketabnews.com/source/vendor/laravel/framework/src/Illuminate/Http/Response.php(45): Illuminate\View\View->render()
#12 /home/admin/domains/ketabnews.com/source/vendor/symfony/http-foundation/Response.php(201): Illuminate\Http\Response->setContent()
#13 /home/admin/domains/ketabnews.com/source/vendor/laravel/framework/src/Illuminate/Routing/Router.php(1028): Symfony\Component\HttpFoundation\Response->__construct()
#14 /home/admin/domains/ketabnews.com/source/vendor/laravel/framework/src/Illuminate/Routing/Router.php(653): Illuminate\Routing\Router->prepareResponse()
#15 /home/admin/domains/ketabnews.com/source/vendor/laravel/framework/src/Illuminate/Routing/Pipeline.php(53): Illuminate\Routing\Router->Illuminate\Routing\{closure}()
#16 /home/admin/domains/ketabnews.com/source/app/Http/Middleware/CheckPermission.php(21): Illuminate\Routing\Pipeline->Illuminate\Routing\{closure}()
#17 /home/admin/domains/ketabnews.com/source/vendor/laravel/framework/src/Illuminate/Pipeline/Pipeline.php(137): App\Http\Middleware\CheckPermission->handle()
#18 /home/admin/domains/ketabnews.com/source/vendor/laravel/framework/src/Illuminate/Routing/Pipeline.php(33): Illuminate\Pipeline\Pipeline->Illuminate\Pipeline\{closure}()
#19 /home/admin/domains/ketabnews.com/source/vendor/laravel/framework/src/Illuminate/Routing/Middleware/SubstituteBindings.php(41): Illuminate\Routing\Pipeline->Illuminate\Routing\{closure}()
#20 /home/admin/domains/ketabnews.com/source/vendor/laravel/framework/src/Illuminate/Pipeline/Pipeline.php(137): Illuminate\Routing\Middleware\SubstituteBindings->handle()
#21 /home/admin/domains/ketabnews.com/source/vendor/laravel/framework/src/Illuminate/Routing/Pipeline.php(33): Illuminate\Pipeline\Pipeline->Illuminate\Pipeline\{closure}()
#22 /home/admin/domains/ketabnews.com/source/vendor/laravel/framework/src/Illuminate/Auth/Middleware/Authenticate.php(43): Illuminate\Routing\Pipeline->Illuminate\Routing\{closure}()
#23 /home/admin/domains/ketabnews.com/source/vendor/laravel/framework/src/Illuminate/Pipeline/Pipeline.php(137): Illuminate\Auth\Middleware\Authenticate->handle()
#24 /home/admin/domains/ketabnews.com/source/vendor/laravel/framework/src/Illuminate/Routing/Pipeline.php(33): Illuminate\Pipeline\Pipeline->Illuminate\Pipeline\{closure}()
#25 /home/admin/domains/ketabnews.com/source/vendor/laravel/framework/src/Illuminate/Foundation/Http/Middleware/VerifyCsrfToken.php(65): Illuminate\Routing\Pipeline->Illuminate\Routing\{closure}()
#26 /home/admin/domains/ketabnews.com/source/vendor/laravel/framework/src/Illuminate/Pipeline/Pipeline.php(137): Illuminate\Foundation\Http\Middleware\VerifyCsrfToken->handle()
#27 /home/admin/domains/ketabnews.com/source/vendor/laravel/framework/src/Illuminate/Routing/Pipeline.php(33): Illuminate\Pipeline\Pipeline->Illuminate\Pipeline\{closure}()
#28 /home/admin/domains/ketabnews.com/source/vendor/laravel/framework/src/Illuminate/View/Middleware/ShareErrorsFromSession.php(49): Illuminate\Routing\Pipeline->Illuminate\Routing\{closure}()
#29 /home/admin/domains/ketabnews.com/source/vendor/laravel/framework/src/Illuminate/Pipeline/Pipeline.php(137): Illuminate\View\Middleware\ShareErrorsFromSession->handle()
#30 /home/admin/domains/ketabnews.com/source/vendor/laravel/framework/src/Illuminate/Routing/Pipeline.php(33): Illuminate\Pipeline\Pipeline->Illuminate\Pipeline\{closure}()
#31 /home/admin/domains/ketabnews.com/source/vendor/laravel/framework/src/Illuminate/Session/Middleware/StartSession.php(64): Illuminate\Routing\Pipeline->Illuminate\Routing\{closure}()
#32 /home/admin/domains/ketabnews.com/source/vendor/laravel/framework/src/Illuminate/Pipeline/Pipeline.php(137): Illuminate\Session\Middleware\StartSession->handle()
#33 /home/admin/domains/ketabnews.com/source/vendor/laravel/framework/src/Illuminate/Routing/Pipeline.php(33): Illuminate\Pipeline\Pipeline->Illuminate\Pipeline\{closure}()
#34 /home/admin/domains/ketabnews.com/source/vendor/laravel/framework/src/Illuminate/Cookie/Middleware/AddQueuedCookiesToResponse.php(37): Illuminate\Routing\Pipeline->Illuminate\Routing\{closure}()
#35 /home/admin/domains/ketabnews.com/source/vendor/laravel/framework/src/Illuminate/Pipeline/Pipeline.php(137): Illuminate\Cookie\Middleware\AddQueuedCookiesToResponse->handle()
#36 /home/admin/domains/ketabnews.com/source/vendor/laravel/framework/src/Illuminate/Routing/Pipeline.php(33): Illuminate\Pipeline\Pipeline->Illuminate\Pipeline\{closure}()
#37 /home/admin/domains/ketabnews.com/source/vendor/laravel/framework/src/Illuminate/Cookie/Middleware/EncryptCookies.php(59): Illuminate\Routing\Pipeline->Illuminate\Routing\{closure}()
#38 /home/admin/domains/ketabnews.com/source/vendor/laravel/framework/src/Illuminate/Pipeline/Pipeline.php(137): Illuminate\Cookie\Middleware\EncryptCookies->handle()
#39 /home/admin/domains/ketabnews.com/source/vendor/laravel/framework/src/Illuminate/Routing/Pipeline.php(33): Illuminate\Pipeline\Pipeline->Illuminate\Pipeline\{closure}()
#40 /home/admin/domains/ketabnews.com/source/vendor/laravel/framework/src/Illuminate/Pipeline/Pipeline.php(104): Illuminate\Routing\Pipeline->Illuminate\Routing\{closure}()
#41 /home/admin/domains/ketabnews.com/source/vendor/laravel/framework/src/Illuminate/Routing/Router.php(655): Illuminate\Pipeline\Pipeline->then()
#42 /home/admin/domains/ketabnews.com/source/vendor/laravel/framework/src/Illuminate/Routing/Router.php(629): Illuminate\Routing\Router->runRouteWithinStack()
#43 /home/admin/domains/ketabnews.com/source/vendor/laravel/framework/src/Illuminate/Routing/Router.php(607): Illuminate\Routing\Router->dispatchToRoute()
#44 /home/admin/domains/ketabnews.com/source/vendor/laravel/framework/src/Illuminate/Foundation/Http/Kernel.php(268): Illuminate\Routing\Router->dispatch()
#45 /home/admin/domains/ketabnews.com/source/vendor/laravel/framework/src/Illuminate/Routing/Pipeline.php(53): Illuminate\Foundation\Http\Kernel->Illuminate\Foundation\Http\{closure}()
#46 /home/admin/domains/ketabnews.com/source/vendor/laravel/framework/src/Illuminate/Foundation/Http/Middleware/CheckForMaintenanceMode.php(46): Illuminate\Routing\Pipeline->Illuminate\Routing\{closure}()
#47 /home/admin/domains/ketabnews.com/source/vendor/laravel/framework/src/Illuminate/Pipeline/Pipeline.php(137): Illuminate\Foundation\Http\Middleware\CheckForMaintenanceMode->handle()
#48 /home/admin/domains/ketabnews.com/source/vendor/laravel/framework/src/Illuminate/Routing/Pipeline.php(33): Illuminate\Pipeline\Pipeline->Illuminate\Pipeline\{closure}()
#49 /home/admin/domains/ketabnews.com/source/vendor/laravel/framework/src/Illuminate/Pipeline/Pipeline.php(104): Illuminate\Routing\Pipeline->Illuminate\Routing\{closure}()
#50 /home/admin/domains/ketabnews.com/source/vendor/laravel/framework/src/Illuminate/Foundation/Http/Kernel.php(150): Illuminate\Pipeline\Pipeline->then()
#51 /home/admin/domains/ketabnews.com/source/vendor/laravel/framework/src/Illuminate/Foundation/Http/Kernel.php(117): Illuminate\Foundation\Http\Kernel->sendRequestThroughRouter()
#52 /home/admin/domains/ketabnews.com/public_html/index.php(53): Illuminate\Foundation\Http\Kernel->handle()
#53 {main}

Next ErrorException: Unparenthesized `a ? b : c ? d : e` is deprecated. Use either `(a ? b : c) ? d : e` or `a ? b : (c ? d : e)` (View: /home/admin/domains/ketabnews.com/source/resources/views/partials/fulltext.blade.php) (View: /home/admin/domains/ketabnews.com/source/resources/views/partials/fulltext.blade.php) in /home/admin/domains/ketabnews.com/source/storage/framework/views/9ddc2efff0fb60c48dd11ef02f76f0b4cd17905b.php:5
Stack trace:
#0 /home/admin/domains/ketabnews.com/source/vendor/laravel/framework/src/Illuminate/View/Engines/PhpEngine.php(44): Illuminate\View\Engines\CompilerEngine->handleViewException()
#1 /home/admin/domains/ketabnews.com/source/vendor/laravel/framework/src/Illuminate/View/Engines/CompilerEngine.php(59): Illuminate\View\Engines\PhpEngine->evaluatePath()
#2 /home/admin/domains/ketabnews.com/source/vendor/laravel/framework/src/Illuminate/View/View.php(149): Illuminate\View\Engines\CompilerEngine->get()
#3 /home/admin/domains/ketabnews.com/source/vendor/laravel/framework/src/Illuminate/View/View.php(120): Illuminate\View\View->getContents()
#4 /home/admin/domains/ketabnews.com/source/vendor/laravel/framework/src/Illuminate/View/View.php(85): Illuminate\View\View->renderContents()
#5 /home/admin/domains/ketabnews.com/source/vendor/laravel/framework/src/Illuminate/Http/Response.php(45): Illuminate\View\View->render()
#6 /home/admin/domains/ketabnews.com/source/vendor/symfony/http-foundation/Response.php(201): Illuminate\Http\Response->setContent()
#7 /home/admin/domains/ketabnews.com/source/vendor/laravel/framework/src/Illuminate/Routing/Router.php(1028): Symfony\Component\HttpFoundation\Response->__construct()
#8 /home/admin/domains/ketabnews.com/source/vendor/laravel/framework/src/Illuminate/Routing/Router.php(653): Illuminate\Routing\Router->prepareResponse()
#9 /home/admin/domains/ketabnews.com/source/vendor/laravel/framework/src/Illuminate/Routing/Pipeline.php(53): Illuminate\Routing\Router->Illuminate\Routing\{closure}()
#10 /home/admin/domains/ketabnews.com/source/app/Http/Middleware/CheckPermission.php(21): Illuminate\Routing\Pipeline->Illuminate\Routing\{closure}()
#11 /home/admin/domains/ketabnews.com/source/vendor/laravel/framework/src/Illuminate/Pipeline/Pipeline.php(137): App\Http\Middleware\CheckPermission->handle()
#12 /home/admin/domains/ketabnews.com/source/vendor/laravel/framework/src/Illuminate/Routing/Pipeline.php(33): Illuminate\Pipeline\Pipeline->Illuminate\Pipeline\{closure}()
#13 /home/admin/domains/ketabnews.com/source/vendor/laravel/framework/src/Illuminate/Routing/Middleware/SubstituteBindings.php(41): Illuminate\Routing\Pipeline->Illuminate\Routing\{closure}()
#14 /home/admin/domains/ketabnews.com/source/vendor/laravel/framework/src/Illuminate/Pipeline/Pipeline.php(137): Illuminate\Routing\Middleware\SubstituteBindings->handle()
#15 /home/admin/domains/ketabnews.com/source/vendor/laravel/framework/src/Illuminate/Routing/Pipeline.php(33): Illuminate\Pipeline\Pipeline->Illuminate\Pipeline\{closure}()
#16 /home/admin/domains/ketabnews.com/source/vendor/laravel/framework/src/Illuminate/Auth/Middleware/Authenticate.php(43): Illuminate\Routing\Pipeline->Illuminate\Routing\{closure}()
#17 /home/admin/domains/ketabnews.com/source/vendor/laravel/framework/src/Illuminate/Pipeline/Pipeline.php(137): Illuminate\Auth\Middleware\Authenticate->handle()
#18 /home/admin/domains/ketabnews.com/source/vendor/laravel/framework/src/Illuminate/Routing/Pipeline.php(33): Illuminate\Pipeline\Pipeline->Illuminate\Pipeline\{closure}()
#19 /home/admin/domains/ketabnews.com/source/vendor/laravel/framework/src/Illuminate/Foundation/Http/Middleware/VerifyCsrfToken.php(65): Illuminate\Routing\Pipeline->Illuminate\Routing\{closure}()
#20 /home/admin/domains/ketabnews.com/source/vendor/laravel/framework/src/Illuminate/Pipeline/Pipeline.php(137): Illuminate\Foundation\Http\Middleware\VerifyCsrfToken->handle()
#21 /home/admin/domains/ketabnews.com/source/vendor/laravel/framework/src/Illuminate/Routing/Pipeline.php(33): Illuminate\Pipeline\Pipeline->Illuminate\Pipeline\{closure}()
#22 /home/admin/domains/ketabnews.com/source/vendor/laravel/framework/src/Illuminate/View/Middleware/ShareErrorsFromSession.php(49): Illuminate\Routing\Pipeline->Illuminate\Routing\{closure}()
#23 /home/admin/domains/ketabnews.com/source/vendor/laravel/framework/src/Illuminate/Pipeline/Pipeline.php(137): Illuminate\View\Middleware\ShareErrorsFromSession->handle()
#24 /home/admin/domains/ketabnews.com/source/vendor/laravel/framework/src/Illuminate/Routing/Pipeline.php(33): Illuminate\Pipeline\Pipeline->Illuminate\Pipeline\{closure}()
#25 /home/admin/domains/ketabnews.com/source/vendor/laravel/framework/src/Illuminate/Session/Middleware/StartSession.php(64): Illuminate\Routing\Pipeline->Illuminate\Routing\{closure}()
#26 /home/admin/domains/ketabnews.com/source/vendor/laravel/framework/src/Illuminate/Pipeline/Pipeline.php(137): Illuminate\Session\Middleware\StartSession->handle()
#27 /home/admin/domains/ketabnews.com/source/vendor/laravel/framework/src/Illuminate/Routing/Pipeline.php(33): Illuminate\Pipeline\Pipeline->Illuminate\Pipeline\{closure}()
#28 /home/admin/domains/ketabnews.com/source/vendor/laravel/framework/src/Illuminate/Cookie/Middleware/AddQueuedCookiesToResponse.php(37): Illuminate\Routing\Pipeline->Illuminate\Routing\{closure}()
#29 /home/admin/domains/ketabnews.com/source/vendor/laravel/framework/src/Illuminate/Pipeline/Pipeline.php(137): Illuminate\Cookie\Middleware\AddQueuedCookiesToResponse->handle()
#30 /home/admin/domains/ketabnews.com/source/vendor/laravel/framework/src/Illuminate/Routing/Pipeline.php(33): Illuminate\Pipeline\Pipeline->Illuminate\Pipeline\{closure}()
#31 /home/admin/domains/ketabnews.com/source/vendor/laravel/framework/src/Illuminate/Cookie/Middleware/EncryptCookies.php(59): Illuminate\Routing\Pipeline->Illuminate\Routing\{closure}()
#32 /home/admin/domains/ketabnews.com/source/vendor/laravel/framework/src/Illuminate/Pipeline/Pipeline.php(137): Illuminate\Cookie\Middleware\EncryptCookies->handle()
#33 /home/admin/domains/ketabnews.com/source/vendor/laravel/framework/src/Illuminate/Routing/Pipeline.php(33): Illuminate\Pipeline\Pipeline->Illuminate\Pipeline\{closure}()
#34 /home/admin/domains/ketabnews.com/source/vendor/laravel/framework/src/Illuminate/Pipeline/Pipeline.php(104): Illuminate\Routing\Pipeline->Illuminate\Routing\{closure}()
#35 /home/admin/domains/ketabnews.com/source/vendor/laravel/framework/src/Illuminate/Routing/Router.php(655): Illuminate\Pipeline\Pipeline->then()
#36 /home/admin/domains/ketabnews.com/source/vendor/laravel/framework/src/Illuminate/Routing/Router.php(629): Illuminate\Routing\Router->runRouteWithinStack()
#37 /home/admin/domains/ketabnews.com/source/vendor/laravel/framework/src/Illuminate/Routing/Router.php(607): Illuminate\Routing\Router->dispatchToRoute()
#38 /home/admin/domains/ketabnews.com/source/vendor/laravel/framework/src/Illuminate/Foundation/Http/Kernel.php(268): Illuminate\Routing\Router->dispatch()
#39 /home/admin/domains/ketabnews.com/source/vendor/laravel/framework/src/Illuminate/Routing/Pipeline.php(53): Illuminate\Foundation\Http\Kernel->Illuminate\Foundation\Http\{closure}()
#40 /home/admin/domains/ketabnews.com/source/vendor/laravel/framework/src/Illuminate/Foundation/Http/Middleware/CheckForMaintenanceMode.php(46): Illuminate\Routing\Pipeline->Illuminate\Routing\{closure}()
#41 /home/admin/domains/ketabnews.com/source/vendor/laravel/framework/src/Illuminate/Pipeline/Pipeline.php(137): Illuminate\Foundation\Http\Middleware\CheckForMaintenanceMode->handle()
#42 /home/admin/domains/ketabnews.com/source/vendor/laravel/framework/src/Illuminate/Routing/Pipeline.php(33): Illuminate\Pipeline\Pipeline->Illuminate\Pipeline\{closure}()
#43 /home/admin/domains/ketabnews.com/source/vendor/laravel/framework/src/Illuminate/Pipeline/Pipeline.php(104): Illuminate\Routing\Pipeline->Illuminate\Routing\{closure}()
#44 /home/admin/domains/ketabnews.com/source/vendor/laravel/framework/src/Illuminate/Foundation/Http/Kernel.php(150): Illuminate\Pipeline\Pipeline->then()
#45 /home/admin/domains/ketabnews.com/source/vendor/laravel/framework/src/Illuminate/Foundation/Http/Kernel.php(117): Illuminate\Foundation\Http\Kernel->sendRequestThroughRouter()
#46 /home/admin/domains/ketabnews.com/public_html/index.php(53): Illuminate\Foundation\Http\Kernel->handle()
#47 {main}  
