[2021-05-05 13:02:41] local.ERROR: Intervention\Image\Exception\NotWritableException: Can't write image data to path (images/162012472831673919_235x100.jpg) in /home/admin/domains/ketabnews.com/source/vendor/intervention/image/src/Intervention/Image/Image.php:143
Stack trace:
#0 /home/admin/domains/ketabnews.com/source/app/Http/Controllers/FileController.php(62): Intervention\Image\Image->save()
#1 [internal function]: App\Http\Controllers\FileController->create()
#2 /home/admin/domains/ketabnews.com/source/vendor/laravel/framework/src/Illuminate/Routing/Controller.php(55): call_user_func_array()
#3 /home/admin/domains/ketabnews.com/source/vendor/laravel/framework/src/Illuminate/Routing/ControllerDispatcher.php(44): Illuminate\Routing\Controller->callAction()
#4 /home/admin/domains/ketabnews.com/source/vendor/laravel/framework/src/Illuminate/Routing/Route.php(189): Illuminate\Routing\ControllerDispatcher->dispatch()
#5 /home/admin/domains/ketabnews.com/source/vendor/laravel/framework/src/Illuminate/Routing/Route.php(144): Illuminate\Routing\Route->runController()
#6 /home/admin/domains/ketabnews.com/source/vendor/laravel/framework/src/Illuminate/Routing/Router.php(653): Illuminate\Routing\Route->run()
#7 /home/admin/domains/ketabnews.com/source/vendor/laravel/framework/src/Illuminate/Routing/Pipeline.php(53): Illuminate\Routing\Router->Illuminate\Routing\{closure}()
#8 /home/admin/domains/ketabnews.com/source/vendor/laravel/framework/src/Illuminate/Routing/Middleware/SubstituteBindings.php(41): Illuminate\Routing\Pipeline->Illuminate\Routing\{closure}()
#9 /home/admin/domains/ketabnews.com/source/vendor/laravel/framework/src/Illuminate/Pipeline/Pipeline.php(137): Illuminate\Routing\Middleware\SubstituteBindings->handle()
#10 /home/admin/domains/ketabnews.com/source/vendor/laravel/framework/src/Illuminate/Routing/Pipeline.php(33): Illuminate\Pipeline\Pipeline->Illuminate\Pipeline\{closure}()
#11 /home/admin/domains/ketabnews.com/source/vendor/laravel/framework/src/Illuminate/Foundation/Http/Middleware/VerifyCsrfToken.php(65): Illuminate\Routing\Pipeline->Illuminate\Routing\{closure}()
#12 /home/admin/domains/ketabnews.com/source/vendor/laravel/framework/src/Illuminate/Pipeline/Pipeline.php(137): Illuminate\Foundation\Http\Middleware\VerifyCsrfToken->handle()
#13 /home/admin/domains/ketabnews.com/source/vendor/laravel/framework/src/Illuminate/Routing/Pipeline.php(33): Illuminate\Pipeline\Pipeline->Illuminate\Pipeline\{closure}()
#14 /home/admin/domains/ketabnews.com/source/vendor/laravel/framework/src/Illuminate/View/Middleware/ShareErrorsFromSession.php(49): Illuminate\Routing\Pipeline->Illuminate\Routing\{closure}()
#15 /home/admin/domains/ketabnews.com/source/vendor/laravel/framework/src/Illuminate/Pipeline/Pipeline.php(137): Illuminate\View\Middleware\ShareErrorsFromSession->handle()
#16 /home/admin/domains/ketabnews.com/source/vendor/laravel/framework/src/Illuminate/Routing/Pipeline.php(33): Illuminate\Pipeline\Pipeline->Illuminate\Pipeline\{closure}()
#17 /home/admin/domains/ketabnews.com/source/vendor/laravel/framework/src/Illuminate/Session/Middleware/StartSession.php(64): Illuminate\Routing\Pipeline->Illuminate\Routing\{closure}()
#18 /home/admin/domains/ketabnews.com/source/vendor/laravel/framework/src/Illuminate/Pipeline/Pipeline.php(137): Illuminate\Session\Middleware\StartSession->handle()
#19 /home/admin/domains/ketabnews.com/source/vendor/laravel/framework/src/Illuminate/Routing/Pipeline.php(33): Illuminate\Pipeline\Pipeline->Illuminate\Pipeline\{closure}()
#20 /home/admin/domains/ketabnews.com/source/vendor/laravel/framework/src/Illuminate/Cookie/Middleware/AddQueuedCookiesToResponse.php(37): Illuminate\Routing\Pipeline->Illuminate\Routing\{closure}()
#21 /home/admin/domains/ketabnews.com/source/vendor/laravel/framework/src/Illuminate/Pipeline/Pipeline.php(137): Illuminate\Cookie\Middleware\AddQueuedCookiesToResponse->handle()
#22 /home/admin/domains/ketabnews.com/source/vendor/laravel/framework/src/Illuminate/Routing/Pipeline.php(33): Illuminate\Pipeline\Pipeline->Illuminate\Pipeline\{closure}()
#23 /home/admin/domains/ketabnews.com/source/vendor/laravel/framework/src/Illuminate/Cookie/Middleware/EncryptCookies.php(59): Illuminate\Routing\Pipeline->Illuminate\Routing\{closure}()
#24 /home/admin/domains/ketabnews.com/source/vendor/laravel/framework/src/Illuminate/Pipeline/Pipeline.php(137): Illuminate\Cookie\Middleware\EncryptCookies->handle()
#25 /home/admin/domains/ketabnews.com/source/vendor/laravel/framework/src/Illuminate/Routing/Pipeline.php(33): Illuminate\Pipeline\Pipeline->Illuminate\Pipeline\{closure}()
#26 /home/admin/domains/ketabnews.com/source/vendor/laravel/framework/src/Illuminate/Pipeline/Pipeline.php(104): Illuminate\Routing\Pipeline->Illuminate\Routing\{closure}()
#27 /home/admin/domains/ketabnews.com/source/vendor/laravel/framework/src/Illuminate/Routing/Router.php(655): Illuminate\Pipeline\Pipeline->then()
#28 /home/admin/domains/ketabnews.com/source/vendor/laravel/framework/src/Illuminate/Routing/Router.php(629): Illuminate\Routing\Router->runRouteWithinStack()
#29 /home/admin/domains/ketabnews.com/source/vendor/laravel/framework/src/Illuminate/Routing/Router.php(607): Illuminate\Routing\Router->dispatchToRoute()
#30 /home/admin/domains/ketabnews.com/source/vendor/laravel/framework/src/Illuminate/Foundation/Http/Kernel.php(268): Illuminate\Routing\Router->dispatch()
#31 /home/admin/domains/ketabnews.com/source/vendor/laravel/framework/src/Illuminate/Routing/Pipeline.php(53): Illuminate\Foundation\Http\Kernel->Illuminate\Foundation\Http\{closure}()
#32 /home/admin/domains/ketabnews.com/source/vendor/laravel/framework/src/Illuminate/Foundation/Http/Middleware/CheckForMaintenanceMode.php(46): Illuminate\Routing\Pipeline->Illuminate\Routing\{closure}()
#33 /home/admin/domains/ketabnews.com/source/vendor/laravel/framework/src/Illuminate/Pipeline/Pipeline.php(137): Illuminate\Foundation\Http\Middleware\CheckForMaintenanceMode->handle()
#34 /home/admin/domains/ketabnews.com/source/vendor/laravel/framework/src/Illuminate/Routing/Pipeline.php(33): Illuminate\Pipeline\Pipeline->Illuminate\Pipeline\{closure}()
#35 /home/admin/domains/ketabnews.com/source/vendor/laravel/framework/src/Illuminate/Pipeline/Pipeline.php(104): Illuminate\Routing\Pipeline->Illuminate\Routing\{closure}()
#36 /home/admin/domains/ketabnews.com/source/vendor/laravel/framework/src/Illuminate/Foundation/Http/Kernel.php(150): Illuminate\Pipeline\Pipeline->then()
#37 /home/admin/domains/ketabnews.com/source/vendor/laravel/framework/src/Illuminate/Foundation/Http/Kernel.php(117): Illuminate\Foundation\Http\Kernel->sendRequestThroughRouter()
#38 /home/admin/domains/ketabnews.com/public_html/index.php(53): Illuminate\Foundation\Http\Kernel->handle()
#39 {main}  
[2021-05-05 13:10:51] local.ERROR: Intervention\Image\Exception\NotWritableException: Can't write image data to path (images/162020378266636035_455x290.jpg) in /home/admin/domains/ketabnews.com/source/vendor/intervention/image/src/Intervention/Image/Image.php:143
Stack trace:
#0 /home/admin/domains/ketabnews.com/source/app/Http/Controllers/FileController.php(62): Intervention\Image\Image->save()
#1 [internal function]: App\Http\Controllers\FileController->create()
#2 /home/admin/domains/ketabnews.com/source/vendor/laravel/framework/src/Illuminate/Routing/Controller.php(55): call_user_func_array()
#3 /home/admin/domains/ketabnews.com/source/vendor/laravel/framework/src/Illuminate/Routing/ControllerDispatcher.php(44): Illuminate\Routing\Controller->callAction()
#4 /home/admin/domains/ketabnews.com/source/vendor/laravel/framework/src/Illuminate/Routing/Route.php(189): Illuminate\Routing\ControllerDispatcher->dispatch()
#5 /home/admin/domains/ketabnews.com/source/vendor/laravel/framework/src/Illuminate/Routing/Route.php(144): Illuminate\Routing\Route->runController()
#6 /home/admin/domains/ketabnews.com/source/vendor/laravel/framework/src/Illuminate/Routing/Router.php(653): Illuminate\Routing\Route->run()
#7 /home/admin/domains/ketabnews.com/source/vendor/laravel/framework/src/Illuminate/Routing/Pipeline.php(53): Illuminate\Routing\Router->Illuminate\Routing\{closure}()
#8 /home/admin/domains/ketabnews.com/source/vendor/laravel/framework/src/Illuminate/Routing/Middleware/SubstituteBindings.php(41): Illuminate\Routing\Pipeline->Illuminate\Routing\{closure}()
#9 /home/admin/domains/ketabnews.com/source/vendor/laravel/framework/src/Illuminate/Pipeline/Pipeline.php(137): Illuminate\Routing\Middleware\SubstituteBindings->handle()
#10 /home/admin/domains/ketabnews.com/source/vendor/laravel/framework/src/Illuminate/Routing/Pipeline.php(33): Illuminate\Pipeline\Pipeline->Illuminate\Pipeline\{closure}()
#11 /home/admin/domains/ketabnews.com/source/vendor/laravel/framework/src/Illuminate/Foundation/Http/Middleware/VerifyCsrfToken.php(65): Illuminate\Routing\Pipeline->Illuminate\Routing\{closure}()
#12 /home/admin/domains/ketabnews.com/source/vendor/laravel/framework/src/Illuminate/Pipeline/Pipeline.php(137): Illuminate\Foundation\Http\Middleware\VerifyCsrfToken->handle()
#13 /home/admin/domains/ketabnews.com/source/vendor/laravel/framework/src/Illuminate/Routing/Pipeline.php(33): Illuminate\Pipeline\Pipeline->Illuminate\Pipeline\{closure}()
#14 /home/admin/domains/ketabnews.com/source/vendor/laravel/framework/src/Illuminate/View/Middleware/ShareErrorsFromSession.php(49): Illuminate\Routing\Pipeline->Illuminate\Routing\{closure}()
#15 /home/admin/domains/ketabnews.com/source/vendor/laravel/framework/src/Illuminate/Pipeline/Pipeline.php(137): Illuminate\View\Middleware\ShareErrorsFromSession->handle()
#16 /home/admin/domains/ketabnews.com/source/vendor/laravel/framework/src/Illuminate/Routing/Pipeline.php(33): Illuminate\Pipeline\Pipeline->Illuminate\Pipeline\{closure}()
#17 /home/admin/domains/ketabnews.com/source/vendor/laravel/framework/src/Illuminate/Session/Middleware/StartSession.php(64): Illuminate\Routing\Pipeline->Illuminate\Routing\{closure}()
#18 /home/admin/domains/ketabnews.com/source/vendor/laravel/framework/src/Illuminate/Pipeline/Pipeline.php(137): Illuminate\Session\Middleware\StartSession->handle()
#19 /home/admin/domains/ketabnews.com/source/vendor/laravel/framework/src/Illuminate/Routing/Pipeline.php(33): Illuminate\Pipeline\Pipeline->Illuminate\Pipeline\{closure}()
#20 /home/admin/domains/ketabnews.com/source/vendor/laravel/framework/src/Illuminate/Cookie/Middleware/AddQueuedCookiesToResponse.php(37): Illuminate\Routing\Pipeline->Illuminate\Routing\{closure}()
#21 /home/admin/domains/ketabnews.com/source/vendor/laravel/framework/src/Illuminate/Pipeline/Pipeline.php(137): Illuminate\Cookie\Middleware\AddQueuedCookiesToResponse->handle()
#22 /home/admin/domains/ketabnews.com/source/vendor/laravel/framework/src/Illuminate/Routing/Pipeline.php(33): Illuminate\Pipeline\Pipeline->Illuminate\Pipeline\{closure}()
#23 /home/admin/domains/ketabnews.com/source/vendor/laravel/framework/src/Illuminate/Cookie/Middleware/EncryptCookies.php(59): Illuminate\Routing\Pipeline->Illuminate\Routing\{closure}()
#24 /home/admin/domains/ketabnews.com/source/vendor/laravel/framework/src/Illuminate/Pipeline/Pipeline.php(137): Illuminate\Cookie\Middleware\EncryptCookies->handle()
#25 /home/admin/domains/ketabnews.com/source/vendor/laravel/framework/src/Illuminate/Routing/Pipeline.php(33): Illuminate\Pipeline\Pipeline->Illuminate\Pipeline\{closure}()
#26 /home/admin/domains/ketabnews.com/source/vendor/laravel/framework/src/Illuminate/Pipeline/Pipeline.php(104): Illuminate\Routing\Pipeline->Illuminate\Routing\{closure}()
#27 /home/admin/domains/ketabnews.com/source/vendor/laravel/framework/src/Illuminate/Routing/Router.php(655): Illuminate\Pipeline\Pipeline->then()
#28 /home/admin/domains/ketabnews.com/source/vendor/laravel/framework/src/Illuminate/Routing/Router.php(629): Illuminate\Routing\Router->runRouteWithinStack()
#29 /home/admin/domains/ketabnews.com/source/vendor/laravel/framework/src/Illuminate/Routing/Router.php(607): Illuminate\Routing\Router->dispatchToRoute()
#30 /home/admin/domains/ketabnews.com/source/vendor/laravel/framework/src/Illuminate/Foundation/Http/Kernel.php(268): Illuminate\Routing\Router->dispatch()
#31 /home/admin/domains/ketabnews.com/source/vendor/laravel/framework/src/Illuminate/Routing/Pipeline.php(53): Illuminate\Foundation\Http\Kernel->Illuminate\Foundation\Http\{closure}()
#32 /home/admin/domains/ketabnews.com/source/vendor/laravel/framework/src/Illuminate/Foundation/Http/Middleware/CheckForMaintenanceMode.php(46): Illuminate\Routing\Pipeline->Illuminate\Routing\{closure}()
#33 /home/admin/domains/ketabnews.com/source/vendor/laravel/framework/src/Illuminate/Pipeline/Pipeline.php(137): Illuminate\Foundation\Http\Middleware\CheckForMaintenanceMode->handle()
#34 /home/admin/domains/ketabnews.com/source/vendor/laravel/framework/src/Illuminate/Routing/Pipeline.php(33): Illuminate\Pipeline\Pipeline->Illuminate\Pipeline\{closure}()
#35 /home/admin/domains/ketabnews.com/source/vendor/laravel/framework/src/Illuminate/Pipeline/Pipeline.php(104): Illuminate\Routing\Pipeline->Illuminate\Routing\{closure}()
#36 /home/admin/domains/ketabnews.com/source/vendor/laravel/framework/src/Illuminate/Foundation/Http/Kernel.php(150): Illuminate\Pipeline\Pipeline->then()
#37 /home/admin/domains/ketabnews.com/source/vendor/laravel/framework/src/Illuminate/Foundation/Http/Kernel.php(117): Illuminate\Foundation\Http\Kernel->sendRequestThroughRouter()
#38 /home/admin/domains/ketabnews.com/public_html/index.php(53): Illuminate\Foundation\Http\Kernel->handle()
#39 {main}  
[2021-05-05 13:10:54] local.ERROR: Intervention\Image\Exception\NotWritableException: Can't write image data to path (images/162020378266636035_455x290.jpg) in /home/admin/domains/ketabnews.com/source/vendor/intervention/image/src/Intervention/Image/Image.php:143
Stack trace:
#0 /home/admin/domains/ketabnews.com/source/app/Http/Controllers/FileController.php(62): Intervention\Image\Image->save()
#1 [internal function]: App\Http\Controllers\FileController->create()
#2 /home/admin/domains/ketabnews.com/source/vendor/laravel/framework/src/Illuminate/Routing/Controller.php(55): call_user_func_array()
#3 /home/admin/domains/ketabnews.com/source/vendor/laravel/framework/src/Illuminate/Routing/ControllerDispatcher.php(44): Illuminate\Routing\Controller->callAction()
#4 /home/admin/domains/ketabnews.com/source/vendor/laravel/framework/src/Illuminate/Routing/Route.php(189): Illuminate\Routing\ControllerDispatcher->dispatch()
#5 /home/admin/domains/ketabnews.com/source/vendor/laravel/framework/src/Illuminate/Routing/Route.php(144): Illuminate\Routing\Route->runController()
#6 /home/admin/domains/ketabnews.com/source/vendor/laravel/framework/src/Illuminate/Routing/Router.php(653): Illuminate\Routing\Route->run()
#7 /home/admin/domains/ketabnews.com/source/vendor/laravel/framework/src/Illuminate/Routing/Pipeline.php(53): Illuminate\Routing\Router->Illuminate\Routing\{closure}()
#8 /home/admin/domains/ketabnews.com/source/vendor/laravel/framework/src/Illuminate/Routing/Middleware/SubstituteBindings.php(41): Illuminate\Routing\Pipeline->Illuminate\Routing\{closure}()
#9 /home/admin/domains/ketabnews.com/source/vendor/laravel/framework/src/Illuminate/Pipeline/Pipeline.php(137): Illuminate\Routing\Middleware\SubstituteBindings->handle()
#10 /home/admin/domains/ketabnews.com/source/vendor/laravel/framework/src/Illuminate/Routing/Pipeline.php(33): Illuminate\Pipeline\Pipeline->Illuminate\Pipeline\{closure}()
#11 /home/admin/domains/ketabnews.com/source/vendor/laravel/framework/src/Illuminate/Foundation/Http/Middleware/VerifyCsrfToken.php(65): Illuminate\Routing\Pipeline->Illuminate\Routing\{closure}()
#12 /home/admin/domains/ketabnews.com/source/vendor/laravel/framework/src/Illuminate/Pipeline/Pipeline.php(137): Illuminate\Foundation\Http\Middleware\VerifyCsrfToken->handle()
#13 /home/admin/domains/ketabnews.com/source/vendor/laravel/framework/src/Illuminate/Routing/Pipeline.php(33): Illuminate\Pipeline\Pipeline->Illuminate\Pipeline\{closure}()
#14 /home/admin/domains/ketabnews.com/source/vendor/laravel/framework/src/Illuminate/View/Middleware/ShareErrorsFromSession.php(49): Illuminate\Routing\Pipeline->Illuminate\Routing\{closure}()
#15 /home/admin/domains/ketabnews.com/source/vendor/laravel/framework/src/Illuminate/Pipeline/Pipeline.php(137): Illuminate\View\Middleware\ShareErrorsFromSession->handle()
#16 /home/admin/domains/ketabnews.com/source/vendor/laravel/framework/src/Illuminate/Routing/Pipeline.php(33): Illuminate\Pipeline\Pipeline->Illuminate\Pipeline\{closure}()
#17 /home/admin/domains/ketabnews.com/source/vendor/laravel/framework/src/Illuminate/Session/Middleware/StartSession.php(64): Illuminate\Routing\Pipeline->Illuminate\Routing\{closure}()
#18 /home/admin/domains/ketabnews.com/source/vendor/laravel/framework/src/Illuminate/Pipeline/Pipeline.php(137): Illuminate\Session\Middleware\StartSession->handle()
#19 /home/admin/domains/ketabnews.com/source/vendor/laravel/framework/src/Illuminate/Routing/Pipeline.php(33): Illuminate\Pipeline\Pipeline->Illuminate\Pipeline\{closure}()
#20 /home/admin/domains/ketabnews.com/source/vendor/laravel/framework/src/Illuminate/Cookie/Middleware/AddQueuedCookiesToResponse.php(37): Illuminate\Routing\Pipeline->Illuminate\Routing\{closure}()
#21 /home/admin/domains/ketabnews.com/source/vendor/laravel/framework/src/Illuminate/Pipeline/Pipeline.php(137): Illuminate\Cookie\Middleware\AddQueuedCookiesToResponse->handle()
#22 /home/admin/domains/ketabnews.com/source/vendor/laravel/framework/src/Illuminate/Routing/Pipeline.php(33): Illuminate\Pipeline\Pipeline->Illuminate\Pipeline\{closure}()
#23 /home/admin/domains/ketabnews.com/source/vendor/laravel/framework/src/Illuminate/Cookie/Middleware/EncryptCookies.php(59): Illuminate\Routing\Pipeline->Illuminate\Routing\{closure}()
#24 /home/admin/domains/ketabnews.com/source/vendor/laravel/framework/src/Illuminate/Pipeline/Pipeline.php(137): Illuminate\Cookie\Middleware\EncryptCookies->handle()
#25 /home/admin/domains/ketabnews.com/source/vendor/laravel/framework/src/Illuminate/Routing/Pipeline.php(33): Illuminate\Pipeline\Pipeline->Illuminate\Pipeline\{closure}()
#26 /home/admin/domains/ketabnews.com/source/vendor/laravel/framework/src/Illuminate/Pipeline/Pipeline.php(104): Illuminate\Routing\Pipeline->Illuminate\Routing\{closure}()
#27 /home/admin/domains/ketabnews.com/source/vendor/laravel/framework/src/Illuminate/Routing/Router.php(655): Illuminate\Pipeline\Pipeline->then()
#28 /home/admin/domains/ketabnews.com/source/vendor/laravel/framework/src/Illuminate/Routing/Router.php(629): Illuminate\Routing\Router->runRouteWithinStack()
#29 /home/admin/domains/ketabnews.com/source/vendor/laravel/framework/src/Illuminate/Routing/Router.php(607): Illuminate\Routing\Router->dispatchToRoute()
#30 /home/admin/domains/ketabnews.com/source/vendor/laravel/framework/src/Illuminate/Foundation/Http/Kernel.php(268): Illuminate\Routing\Router->dispatch()
#31 /home/admin/domains/ketabnews.com/source/vendor/laravel/framework/src/Illuminate/Routing/Pipeline.php(53): Illuminate\Foundation\Http\Kernel->Illuminate\Foundation\Http\{closure}()
#32 /home/admin/domains/ketabnews.com/source/vendor/laravel/framework/src/Illuminate/Foundation/Http/Middleware/CheckForMaintenanceMode.php(46): Illuminate\Routing\Pipeline->Illuminate\Routing\{closure}()
#33 /home/admin/domains/ketabnews.com/source/vendor/laravel/framework/src/Illuminate/Pipeline/Pipeline.php(137): Illuminate\Foundation\Http\Middleware\CheckForMaintenanceMode->handle()
#34 /home/admin/domains/ketabnews.com/source/vendor/laravel/framework/src/Illuminate/Routing/Pipeline.php(33): Illuminate\Pipeline\Pipeline->Illuminate\Pipeline\{closure}()
#35 /home/admin/domains/ketabnews.com/source/vendor/laravel/framework/src/Illuminate/Pipeline/Pipeline.php(104): Illuminate\Routing\Pipeline->Illuminate\Routing\{closure}()
#36 /home/admin/domains/ketabnews.com/source/vendor/laravel/framework/src/Illuminate/Foundation/Http/Kernel.php(150): Illuminate\Pipeline\Pipeline->then()
#37 /home/admin/domains/ketabnews.com/source/vendor/laravel/framework/src/Illuminate/Foundation/Http/Kernel.php(117): Illuminate\Foundation\Http\Kernel->sendRequestThroughRouter()
#38 /home/admin/domains/ketabnews.com/public_html/index.php(53): Illuminate\Foundation\Http\Kernel->handle()
#39 {main}  
[2021-05-05 13:11:05] local.ERROR: Intervention\Image\Exception\NotWritableException: Can't write image data to path (images/162020378266636035_455x290.jpg) in /home/admin/domains/ketabnews.com/source/vendor/intervention/image/src/Intervention/Image/Image.php:143
Stack trace:
#0 /home/admin/domains/ketabnews.com/source/app/Http/Controllers/FileController.php(62): Intervention\Image\Image->save()
#1 [internal function]: App\Http\Controllers\FileController->create()
#2 /home/admin/domains/ketabnews.com/source/vendor/laravel/framework/src/Illuminate/Routing/Controller.php(55): call_user_func_array()
#3 /home/admin/domains/ketabnews.com/source/vendor/laravel/framework/src/Illuminate/Routing/ControllerDispatcher.php(44): Illuminate\Routing\Controller->callAction()
#4 /home/admin/domains/ketabnews.com/source/vendor/laravel/framework/src/Illuminate/Routing/Route.php(189): Illuminate\Routing\ControllerDispatcher->dispatch()
#5 /home/admin/domains/ketabnews.com/source/vendor/laravel/framework/src/Illuminate/Routing/Route.php(144): Illuminate\Routing\Route->runController()
#6 /home/admin/domains/ketabnews.com/source/vendor/laravel/framework/src/Illuminate/Routing/Router.php(653): Illuminate\Routing\Route->run()
#7 /home/admin/domains/ketabnews.com/source/vendor/laravel/framework/src/Illuminate/Routing/Pipeline.php(53): Illuminate\Routing\Router->Illuminate\Routing\{closure}()
#8 /home/admin/domains/ketabnews.com/source/vendor/laravel/framework/src/Illuminate/Routing/Middleware/SubstituteBindings.php(41): Illuminate\Routing\Pipeline->Illuminate\Routing\{closure}()
#9 /home/admin/domains/ketabnews.com/source/vendor/laravel/framework/src/Illuminate/Pipeline/Pipeline.php(137): Illuminate\Routing\Middleware\SubstituteBindings->handle()
#10 /home/admin/domains/ketabnews.com/source/vendor/laravel/framework/src/Illuminate/Routing/Pipeline.php(33): Illuminate\Pipeline\Pipeline->Illuminate\Pipeline\{closure}()
#11 /home/admin/domains/ketabnews.com/source/vendor/laravel/framework/src/Illuminate/Foundation/Http/Middleware/VerifyCsrfToken.php(65): Illuminate\Routing\Pipeline->Illuminate\Routing\{closure}()
#12 /home/admin/domains/ketabnews.com/source/vendor/laravel/framework/src/Illuminate/Pipeline/Pipeline.php(137): Illuminate\Foundation\Http\Middleware\VerifyCsrfToken->handle()
#13 /home/admin/domains/ketabnews.com/source/vendor/laravel/framework/src/Illuminate/Routing/Pipeline.php(33): Illuminate\Pipeline\Pipeline->Illuminate\Pipeline\{closure}()
#14 /home/admin/domains/ketabnews.com/source/vendor/laravel/framework/src/Illuminate/View/Middleware/ShareErrorsFromSession.php(49): Illuminate\Routing\Pipeline->Illuminate\Routing\{closure}()
#15 /home/admin/domains/ketabnews.com/source/vendor/laravel/framework/src/Illuminate/Pipeline/Pipeline.php(137): Illuminate\View\Middleware\ShareErrorsFromSession->handle()
#16 /home/admin/domains/ketabnews.com/source/vendor/laravel/framework/src/Illuminate/Routing/Pipeline.php(33): Illuminate\Pipeline\Pipeline->Illuminate\Pipeline\{closure}()
#17 /home/admin/domains/ketabnews.com/source/vendor/laravel/framework/src/Illuminate/Session/Middleware/StartSession.php(64): Illuminate\Routing\Pipeline->Illuminate\Routing\{closure}()
#18 /home/admin/domains/ketabnews.com/source/vendor/laravel/framework/src/Illuminate/Pipeline/Pipeline.php(137): Illuminate\Session\Middleware\StartSession->handle()
#19 /home/admin/domains/ketabnews.com/source/vendor/laravel/framework/src/Illuminate/Routing/Pipeline.php(33): Illuminate\Pipeline\Pipeline->Illuminate\Pipeline\{closure}()
#20 /home/admin/domains/ketabnews.com/source/vendor/laravel/framework/src/Illuminate/Cookie/Middleware/AddQueuedCookiesToResponse.php(37): Illuminate\Routing\Pipeline->Illuminate\Routing\{closure}()
#21 /home/admin/domains/ketabnews.com/source/vendor/laravel/framework/src/Illuminate/Pipeline/Pipeline.php(137): Illuminate\Cookie\Middleware\AddQueuedCookiesToResponse->handle()
#22 /home/admin/domains/ketabnews.com/source/vendor/laravel/framework/src/Illuminate/Routing/Pipeline.php(33): Illuminate\Pipeline\Pipeline->Illuminate\Pipeline\{closure}()
#23 /home/admin/domains/ketabnews.com/source/vendor/laravel/framework/src/Illuminate/Cookie/Middleware/EncryptCookies.php(59): Illuminate\Routing\Pipeline->Illuminate\Routing\{closure}()
#24 /home/admin/domains/ketabnews.com/source/vendor/laravel/framework/src/Illuminate/Pipeline/Pipeline.php(137): Illuminate\Cookie\Middleware\EncryptCookies->handle()
#25 /home/admin/domains/ketabnews.com/source/vendor/laravel/framework/src/Illuminate/Routing/Pipeline.php(33): Illuminate\Pipeline\Pipeline->Illuminate\Pipeline\{closure}()
#26 /home/admin/domains/ketabnews.com/source/vendor/laravel/framework/src/Illuminate/Pipeline/Pipeline.php(104): Illuminate\Routing\Pipeline->Illuminate\Routing\{closure}()
#27 /home/admin/domains/ketabnews.com/source/vendor/laravel/framework/src/Illuminate/Routing/Router.php(655): Illuminate\Pipeline\Pipeline->then()
#28 /home/admin/domains/ketabnews.com/source/vendor/laravel/framework/src/Illuminate/Routing/Router.php(629): Illuminate\Routing\Router->runRouteWithinStack()
#29 /home/admin/domains/ketabnews.com/source/vendor/laravel/framework/src/Illuminate/Routing/Router.php(607): Illuminate\Routing\Router->dispatchToRoute()
#30 /home/admin/domains/ketabnews.com/source/vendor/laravel/framework/src/Illuminate/Foundation/Http/Kernel.php(268): Illuminate\Routing\Router->dispatch()
#31 /home/admin/domains/ketabnews.com/source/vendor/laravel/framework/src/Illuminate/Routing/Pipeline.php(53): Illuminate\Foundation\Http\Kernel->Illuminate\Foundation\Http\{closure}()
#32 /home/admin/domains/ketabnews.com/source/vendor/laravel/framework/src/Illuminate/Foundation/Http/Middleware/CheckForMaintenanceMode.php(46): Illuminate\Routing\Pipeline->Illuminate\Routing\{closure}()
#33 /home/admin/domains/ketabnews.com/source/vendor/laravel/framework/src/Illuminate/Pipeline/Pipeline.php(137): Illuminate\Foundation\Http\Middleware\CheckForMaintenanceMode->handle()
#34 /home/admin/domains/ketabnews.com/source/vendor/laravel/framework/src/Illuminate/Routing/Pipeline.php(33): Illuminate\Pipeline\Pipeline->Illuminate\Pipeline\{closure}()
#35 /home/admin/domains/ketabnews.com/source/vendor/laravel/framework/src/Illuminate/Pipeline/Pipeline.php(104): Illuminate\Routing\Pipeline->Illuminate\Routing\{closure}()
#36 /home/admin/domains/ketabnews.com/source/vendor/laravel/framework/src/Illuminate/Foundation/Http/Kernel.php(150): Illuminate\Pipeline\Pipeline->then()
#37 /home/admin/domains/ketabnews.com/source/vendor/laravel/framework/src/Illuminate/Foundation/Http/Kernel.php(117): Illuminate\Foundation\Http\Kernel->sendRequestThroughRouter()
#38 /home/admin/domains/ketabnews.com/public_html/index.php(53): Illuminate\Foundation\Http\Kernel->handle()
#39 {main}  
[2021-05-05 13:11:33] local.ERROR: Intervention\Image\Exception\NotWritableException: Can't write image data to path (images/162020378266636035_455x290.jpg) in /home/admin/domains/ketabnews.com/source/vendor/intervention/image/src/Intervention/Image/Image.php:143
Stack trace:
#0 /home/admin/domains/ketabnews.com/source/app/Http/Controllers/FileController.php(62): Intervention\Image\Image->save()
#1 [internal function]: App\Http\Controllers\FileController->create()
#2 /home/admin/domains/ketabnews.com/source/vendor/laravel/framework/src/Illuminate/Routing/Controller.php(55): call_user_func_array()
#3 /home/admin/domains/ketabnews.com/source/vendor/laravel/framework/src/Illuminate/Routing/ControllerDispatcher.php(44): Illuminate\Routing\Controller->callAction()
#4 /home/admin/domains/ketabnews.com/source/vendor/laravel/framework/src/Illuminate/Routing/Route.php(189): Illuminate\Routing\ControllerDispatcher->dispatch()
#5 /home/admin/domains/ketabnews.com/source/vendor/laravel/framework/src/Illuminate/Routing/Route.php(144): Illuminate\Routing\Route->runController()
#6 /home/admin/domains/ketabnews.com/source/vendor/laravel/framework/src/Illuminate/Routing/Router.php(653): Illuminate\Routing\Route->run()
#7 /home/admin/domains/ketabnews.com/source/vendor/laravel/framework/src/Illuminate/Routing/Pipeline.php(53): Illuminate\Routing\Router->Illuminate\Routing\{closure}()
#8 /home/admin/domains/ketabnews.com/source/vendor/laravel/framework/src/Illuminate/Routing/Middleware/SubstituteBindings.php(41): Illuminate\Routing\Pipeline->Illuminate\Routing\{closure}()
#9 /home/admin/domains/ketabnews.com/source/vendor/laravel/framework/src/Illuminate/Pipeline/Pipeline.php(137): Illuminate\Routing\Middleware\SubstituteBindings->handle()
#10 /home/admin/domains/ketabnews.com/source/vendor/laravel/framework/src/Illuminate/Routing/Pipeline.php(33): Illuminate\Pipeline\Pipeline->Illuminate\Pipeline\{closure}()
#11 /home/admin/domains/ketabnews.com/source/vendor/laravel/framework/src/Illuminate/Foundation/Http/Middleware/VerifyCsrfToken.php(65): Illuminate\Routing\Pipeline->Illuminate\Routing\{closure}()
#12 /home/admin/domains/ketabnews.com/source/vendor/laravel/framework/src/Illuminate/Pipeline/Pipeline.php(137): Illuminate\Foundation\Http\Middleware\VerifyCsrfToken->handle()
#13 /home/admin/domains/ketabnews.com/source/vendor/laravel/framework/src/Illuminate/Routing/Pipeline.php(33): Illuminate\Pipeline\Pipeline->Illuminate\Pipeline\{closure}()
#14 /home/admin/domains/ketabnews.com/source/vendor/laravel/framework/src/Illuminate/View/Middleware/ShareErrorsFromSession.php(49): Illuminate\Routing\Pipeline->Illuminate\Routing\{closure}()
#15 /home/admin/domains/ketabnews.com/source/vendor/laravel/framework/src/Illuminate/Pipeline/Pipeline.php(137): Illuminate\View\Middleware\ShareErrorsFromSession->handle()
#16 /home/admin/domains/ketabnews.com/source/vendor/laravel/framework/src/Illuminate/Routing/Pipeline.php(33): Illuminate\Pipeline\Pipeline->Illuminate\Pipeline\{closure}()
#17 /home/admin/domains/ketabnews.com/source/vendor/laravel/framework/src/Illuminate/Session/Middleware/StartSession.php(64): Illuminate\Routing\Pipeline->Illuminate\Routing\{closure}()
#18 /home/admin/domains/ketabnews.com/source/vendor/laravel/framework/src/Illuminate/Pipeline/Pipeline.php(137): Illuminate\Session\Middleware\StartSession->handle()
#19 /home/admin/domains/ketabnews.com/source/vendor/laravel/framework/src/Illuminate/Routing/Pipeline.php(33): Illuminate\Pipeline\Pipeline->Illuminate\Pipeline\{closure}()
#20 /home/admin/domains/ketabnews.com/source/vendor/laravel/framework/src/Illuminate/Cookie/Middleware/AddQueuedCookiesToResponse.php(37): Illuminate\Routing\Pipeline->Illuminate\Routing\{closure}()
#21 /home/admin/domains/ketabnews.com/source/vendor/laravel/framework/src/Illuminate/Pipeline/Pipeline.php(137): Illuminate\Cookie\Middleware\AddQueuedCookiesToResponse->handle()
#22 /home/admin/domains/ketabnews.com/source/vendor/laravel/framework/src/Illuminate/Routing/Pipeline.php(33): Illuminate\Pipeline\Pipeline->Illuminate\Pipeline\{closure}()
#23 /home/admin/domains/ketabnews.com/source/vendor/laravel/framework/src/Illuminate/Cookie/Middleware/EncryptCookies.php(59): Illuminate\Routing\Pipeline->Illuminate\Routing\{closure}()
#24 /home/admin/domains/ketabnews.com/source/vendor/laravel/framework/src/Illuminate/Pipeline/Pipeline.php(137): Illuminate\Cookie\Middleware\EncryptCookies->handle()
#25 /home/admin/domains/ketabnews.com/source/vendor/laravel/framework/src/Illuminate/Routing/Pipeline.php(33): Illuminate\Pipeline\Pipeline->Illuminate\Pipeline\{closure}()
#26 /home/admin/domains/ketabnews.com/source/vendor/laravel/framework/src/Illuminate/Pipeline/Pipeline.php(104): Illuminate\Routing\Pipeline->Illuminate\Routing\{closure}()
#27 /home/admin/domains/ketabnews.com/source/vendor/laravel/framework/src/Illuminate/Routing/Router.php(655): Illuminate\Pipeline\Pipeline->then()
#28 /home/admin/domains/ketabnews.com/source/vendor/laravel/framework/src/Illuminate/Routing/Router.php(629): Illuminate\Routing\Router->runRouteWithinStack()
#29 /home/admin/domains/ketabnews.com/source/vendor/laravel/framework/src/Illuminate/Routing/Router.php(607): Illuminate\Routing\Router->dispatchToRoute()
#30 /home/admin/domains/ketabnews.com/source/vendor/laravel/framework/src/Illuminate/Foundation/Http/Kernel.php(268): Illuminate\Routing\Router->dispatch()
#31 /home/admin/domains/ketabnews.com/source/vendor/laravel/framework/src/Illuminate/Routing/Pipeline.php(53): Illuminate\Foundation\Http\Kernel->Illuminate\Foundation\Http\{closure}()
#32 /home/admin/domains/ketabnews.com/source/vendor/laravel/framework/src/Illuminate/Foundation/Http/Middleware/CheckForMaintenanceMode.php(46): Illuminate\Routing\Pipeline->Illuminate\Routing\{closure}()
#33 /home/admin/domains/ketabnews.com/source/vendor/laravel/framework/src/Illuminate/Pipeline/Pipeline.php(137): Illuminate\Foundation\Http\Middleware\CheckForMaintenanceMode->handle()
#34 /home/admin/domains/ketabnews.com/source/vendor/laravel/framework/src/Illuminate/Routing/Pipeline.php(33): Illuminate\Pipeline\Pipeline->Illuminate\Pipeline\{closure}()
#35 /home/admin/domains/ketabnews.com/source/vendor/laravel/framework/src/Illuminate/Pipeline/Pipeline.php(104): Illuminate\Routing\Pipeline->Illuminate\Routing\{closure}()
#36 /home/admin/domains/ketabnews.com/source/vendor/laravel/framework/src/Illuminate/Foundation/Http/Kernel.php(150): Illuminate\Pipeline\Pipeline->then()
#37 /home/admin/domains/ketabnews.com/source/vendor/laravel/framework/src/Illuminate/Foundation/Http/Kernel.php(117): Illuminate\Foundation\Http\Kernel->sendRequestThroughRouter()
#38 /home/admin/domains/ketabnews.com/public_html/index.php(53): Illuminate\Foundation\Http\Kernel->handle()
#39 {main}  
[2021-05-05 13:11:50] local.ERROR: Intervention\Image\Exception\NotWritableException: Can't write image data to path (images/162020378266636035_455x290.jpg) in /home/admin/domains/ketabnews.com/source/vendor/intervention/image/src/Intervention/Image/Image.php:143
Stack trace:
#0 /home/admin/domains/ketabnews.com/source/app/Http/Controllers/FileController.php(62): Intervention\Image\Image->save()
#1 [internal function]: App\Http\Controllers\FileController->create()
#2 /home/admin/domains/ketabnews.com/source/vendor/laravel/framework/src/Illuminate/Routing/Controller.php(55): call_user_func_array()
#3 /home/admin/domains/ketabnews.com/source/vendor/laravel/framework/src/Illuminate/Routing/ControllerDispatcher.php(44): Illuminate\Routing\Controller->callAction()
#4 /home/admin/domains/ketabnews.com/source/vendor/laravel/framework/src/Illuminate/Routing/Route.php(189): Illuminate\Routing\ControllerDispatcher->dispatch()
#5 /home/admin/domains/ketabnews.com/source/vendor/laravel/framework/src/Illuminate/Routing/Route.php(144): Illuminate\Routing\Route->runController()
#6 /home/admin/domains/ketabnews.com/source/vendor/laravel/framework/src/Illuminate/Routing/Router.php(653): Illuminate\Routing\Route->run()
#7 /home/admin/domains/ketabnews.com/source/vendor/laravel/framework/src/Illuminate/Routing/Pipeline.php(53): Illuminate\Routing\Router->Illuminate\Routing\{closure}()
#8 /home/admin/domains/ketabnews.com/source/vendor/laravel/framework/src/Illuminate/Routing/Middleware/SubstituteBindings.php(41): Illuminate\Routing\Pipeline->Illuminate\Routing\{closure}()
#9 /home/admin/domains/ketabnews.com/source/vendor/laravel/framework/src/Illuminate/Pipeline/Pipeline.php(137): Illuminate\Routing\Middleware\SubstituteBindings->handle()
#10 /home/admin/domains/ketabnews.com/source/vendor/laravel/framework/src/Illuminate/Routing/Pipeline.php(33): Illuminate\Pipeline\Pipeline->Illuminate\Pipeline\{closure}()
#11 /home/admin/domains/ketabnews.com/source/vendor/laravel/framework/src/Illuminate/Foundation/Http/Middleware/VerifyCsrfToken.php(65): Illuminate\Routing\Pipeline->Illuminate\Routing\{closure}()
#12 /home/admin/domains/ketabnews.com/source/vendor/laravel/framework/src/Illuminate/Pipeline/Pipeline.php(137): Illuminate\Foundation\Http\Middleware\VerifyCsrfToken->handle()
#13 /home/admin/domains/ketabnews.com/source/vendor/laravel/framework/src/Illuminate/Routing/Pipeline.php(33): Illuminate\Pipeline\Pipeline->Illuminate\Pipeline\{closure}()
#14 /home/admin/domains/ketabnews.com/source/vendor/laravel/framework/src/Illuminate/View/Middleware/ShareErrorsFromSession.php(49): Illuminate\Routing\Pipeline->Illuminate\Routing\{closure}()
#15 /home/admin/domains/ketabnews.com/source/vendor/laravel/framework/src/Illuminate/Pipeline/Pipeline.php(137): Illuminate\View\Middleware\ShareErrorsFromSession->handle()
#16 /home/admin/domains/ketabnews.com/source/vendor/laravel/framework/src/Illuminate/Routing/Pipeline.php(33): Illuminate\Pipeline\Pipeline->Illuminate\Pipeline\{closure}()
#17 /home/admin/domains/ketabnews.com/source/vendor/laravel/framework/src/Illuminate/Session/Middleware/StartSession.php(64): Illuminate\Routing\Pipeline->Illuminate\Routing\{closure}()
#18 /home/admin/domains/ketabnews.com/source/vendor/laravel/framework/src/Illuminate/Pipeline/Pipeline.php(137): Illuminate\Session\Middleware\StartSession->handle()
#19 /home/admin/domains/ketabnews.com/source/vendor/laravel/framework/src/Illuminate/Routing/Pipeline.php(33): Illuminate\Pipeline\Pipeline->Illuminate\Pipeline\{closure}()
#20 /home/admin/domains/ketabnews.com/source/vendor/laravel/framework/src/Illuminate/Cookie/Middleware/AddQueuedCookiesToResponse.php(37): Illuminate\Routing\Pipeline->Illuminate\Routing\{closure}()
#21 /home/admin/domains/ketabnews.com/source/vendor/laravel/framework/src/Illuminate/Pipeline/Pipeline.php(137): Illuminate\Cookie\Middleware\AddQueuedCookiesToResponse->handle()
#22 /home/admin/domains/ketabnews.com/source/vendor/laravel/framework/src/Illuminate/Routing/Pipeline.php(33): Illuminate\Pipeline\Pipeline->Illuminate\Pipeline\{closure}()
#23 /home/admin/domains/ketabnews.com/source/vendor/laravel/framework/src/Illuminate/Cookie/Middleware/EncryptCookies.php(59): Illuminate\Routing\Pipeline->Illuminate\Routing\{closure}()
#24 /home/admin/domains/ketabnews.com/source/vendor/laravel/framework/src/Illuminate/Pipeline/Pipeline.php(137): Illuminate\Cookie\Middleware\EncryptCookies->handle()
#25 /home/admin/domains/ketabnews.com/source/vendor/laravel/framework/src/Illuminate/Routing/Pipeline.php(33): Illuminate\Pipeline\Pipeline->Illuminate\Pipeline\{closure}()
#26 /home/admin/domains/ketabnews.com/source/vendor/laravel/framework/src/Illuminate/Pipeline/Pipeline.php(104): Illuminate\Routing\Pipeline->Illuminate\Routing\{closure}()
#27 /home/admin/domains/ketabnews.com/source/vendor/laravel/framework/src/Illuminate/Routing/Router.php(655): Illuminate\Pipeline\Pipeline->then()
#28 /home/admin/domains/ketabnews.com/source/vendor/laravel/framework/src/Illuminate/Routing/Router.php(629): Illuminate\Routing\Router->runRouteWithinStack()
#29 /home/admin/domains/ketabnews.com/source/vendor/laravel/framework/src/Illuminate/Routing/Router.php(607): Illuminate\Routing\Router->dispatchToRoute()
#30 /home/admin/domains/ketabnews.com/source/vendor/laravel/framework/src/Illuminate/Foundation/Http/Kernel.php(268): Illuminate\Routing\Router->dispatch()
#31 /home/admin/domains/ketabnews.com/source/vendor/laravel/framework/src/Illuminate/Routing/Pipeline.php(53): Illuminate\Foundation\Http\Kernel->Illuminate\Foundation\Http\{closure}()
#32 /home/admin/domains/ketabnews.com/source/vendor/laravel/framework/src/Illuminate/Foundation/Http/Middleware/CheckForMaintenanceMode.php(46): Illuminate\Routing\Pipeline->Illuminate\Routing\{closure}()
#33 /home/admin/domains/ketabnews.com/source/vendor/laravel/framework/src/Illuminate/Pipeline/Pipeline.php(137): Illuminate\Foundation\Http\Middleware\CheckForMaintenanceMode->handle()
#34 /home/admin/domains/ketabnews.com/source/vendor/laravel/framework/src/Illuminate/Routing/Pipeline.php(33): Illuminate\Pipeline\Pipeline->Illuminate\Pipeline\{closure}()
#35 /home/admin/domains/ketabnews.com/source/vendor/laravel/framework/src/Illuminate/Pipeline/Pipeline.php(104): Illuminate\Routing\Pipeline->Illuminate\Routing\{closure}()
#36 /home/admin/domains/ketabnews.com/source/vendor/laravel/framework/src/Illuminate/Foundation/Http/Kernel.php(150): Illuminate\Pipeline\Pipeline->then()
#37 /home/admin/domains/ketabnews.com/source/vendor/laravel/framework/src/Illuminate/Foundation/Http/Kernel.php(117): Illuminate\Foundation\Http\Kernel->sendRequestThroughRouter()
#38 /home/admin/domains/ketabnews.com/public_html/index.php(53): Illuminate\Foundation\Http\Kernel->handle()
#39 {main}  
[2021-05-05 13:12:07] local.ERROR: Intervention\Image\Exception\NotWritableException: Can't write image data to path (images/162020378266636035_455x290.jpg) in /home/admin/domains/ketabnews.com/source/vendor/intervention/image/src/Intervention/Image/Image.php:143
Stack trace:
#0 /home/admin/domains/ketabnews.com/source/app/Http/Controllers/FileController.php(62): Intervention\Image\Image->save()
#1 [internal function]: App\Http\Controllers\FileController->create()
#2 /home/admin/domains/ketabnews.com/source/vendor/laravel/framework/src/Illuminate/Routing/Controller.php(55): call_user_func_array()
#3 /home/admin/domains/ketabnews.com/source/vendor/laravel/framework/src/Illuminate/Routing/ControllerDispatcher.php(44): Illuminate\Routing\Controller->callAction()
#4 /home/admin/domains/ketabnews.com/source/vendor/laravel/framework/src/Illuminate/Routing/Route.php(189): Illuminate\Routing\ControllerDispatcher->dispatch()
#5 /home/admin/domains/ketabnews.com/source/vendor/laravel/framework/src/Illuminate/Routing/Route.php(144): Illuminate\Routing\Route->runController()
#6 /home/admin/domains/ketabnews.com/source/vendor/laravel/framework/src/Illuminate/Routing/Router.php(653): Illuminate\Routing\Route->run()
#7 /home/admin/domains/ketabnews.com/source/vendor/laravel/framework/src/Illuminate/Routing/Pipeline.php(53): Illuminate\Routing\Router->Illuminate\Routing\{closure}()
#8 /home/admin/domains/ketabnews.com/source/vendor/laravel/framework/src/Illuminate/Routing/Middleware/SubstituteBindings.php(41): Illuminate\Routing\Pipeline->Illuminate\Routing\{closure}()
#9 /home/admin/domains/ketabnews.com/source/vendor/laravel/framework/src/Illuminate/Pipeline/Pipeline.php(137): Illuminate\Routing\Middleware\SubstituteBindings->handle()
#10 /home/admin/domains/ketabnews.com/source/vendor/laravel/framework/src/Illuminate/Routing/Pipeline.php(33): Illuminate\Pipeline\Pipeline->Illuminate\Pipeline\{closure}()
#11 /home/admin/domains/ketabnews.com/source/vendor/laravel/framework/src/Illuminate/Foundation/Http/Middleware/VerifyCsrfToken.php(65): Illuminate\Routing\Pipeline->Illuminate\Routing\{closure}()
#12 /home/admin/domains/ketabnews.com/source/vendor/laravel/framework/src/Illuminate/Pipeline/Pipeline.php(137): Illuminate\Foundation\Http\Middleware\VerifyCsrfToken->handle()
#13 /home/admin/domains/ketabnews.com/source/vendor/laravel/framework/src/Illuminate/Routing/Pipeline.php(33): Illuminate\Pipeline\Pipeline->Illuminate\Pipeline\{closure}()
#14 /home/admin/domains/ketabnews.com/source/vendor/laravel/framework/src/Illuminate/View/Middleware/ShareErrorsFromSession.php(49): Illuminate\Routing\Pipeline->Illuminate\Routing\{closure}()
#15 /home/admin/domains/ketabnews.com/source/vendor/laravel/framework/src/Illuminate/Pipeline/Pipeline.php(137): Illuminate\View\Middleware\ShareErrorsFromSession->handle()
#16 /home/admin/domains/ketabnews.com/source/vendor/laravel/framework/src/Illuminate/Routing/Pipeline.php(33): Illuminate\Pipeline\Pipeline->Illuminate\Pipeline\{closure}()
#17 /home/admin/domains/ketabnews.com/source/vendor/laravel/framework/src/Illuminate/Session/Middleware/StartSession.php(64): Illuminate\Routing\Pipeline->Illuminate\Routing\{closure}()
#18 /home/admin/domains/ketabnews.com/source/vendor/laravel/framework/src/Illuminate/Pipeline/Pipeline.php(137): Illuminate\Session\Middleware\StartSession->handle()
#19 /home/admin/domains/ketabnews.com/source/vendor/laravel/framework/src/Illuminate/Routing/Pipeline.php(33): Illuminate\Pipeline\Pipeline->Illuminate\Pipeline\{closure}()
#20 /home/admin/domains/ketabnews.com/source/vendor/laravel/framework/src/Illuminate/Cookie/Middleware/AddQueuedCookiesToResponse.php(37): Illuminate\Routing\Pipeline->Illuminate\Routing\{closure}()
#21 /home/admin/domains/ketabnews.com/source/vendor/laravel/framework/src/Illuminate/Pipeline/Pipeline.php(137): Illuminate\Cookie\Middleware\AddQueuedCookiesToResponse->handle()
#22 /home/admin/domains/ketabnews.com/source/vendor/laravel/framework/src/Illuminate/Routing/Pipeline.php(33): Illuminate\Pipeline\Pipeline->Illuminate\Pipeline\{closure}()
#23 /home/admin/domains/ketabnews.com/source/vendor/laravel/framework/src/Illuminate/Cookie/Middleware/EncryptCookies.php(59): Illuminate\Routing\Pipeline->Illuminate\Routing\{closure}()
#24 /home/admin/domains/ketabnews.com/source/vendor/laravel/framework/src/Illuminate/Pipeline/Pipeline.php(137): Illuminate\Cookie\Middleware\EncryptCookies->handle()
#25 /home/admin/domains/ketabnews.com/source/vendor/laravel/framework/src/Illuminate/Routing/Pipeline.php(33): Illuminate\Pipeline\Pipeline->Illuminate\Pipeline\{closure}()
#26 /home/admin/domains/ketabnews.com/source/vendor/laravel/framework/src/Illuminate/Pipeline/Pipeline.php(104): Illuminate\Routing\Pipeline->Illuminate\Routing\{closure}()
#27 /home/admin/domains/ketabnews.com/source/vendor/laravel/framework/src/Illuminate/Routing/Router.php(655): Illuminate\Pipeline\Pipeline->then()
#28 /home/admin/domains/ketabnews.com/source/vendor/laravel/framework/src/Illuminate/Routing/Router.php(629): Illuminate\Routing\Router->runRouteWithinStack()
#29 /home/admin/domains/ketabnews.com/source/vendor/laravel/framework/src/Illuminate/Routing/Router.php(607): Illuminate\Routing\Router->dispatchToRoute()
#30 /home/admin/domains/ketabnews.com/source/vendor/laravel/framework/src/Illuminate/Foundation/Http/Kernel.php(268): Illuminate\Routing\Router->dispatch()
#31 /home/admin/domains/ketabnews.com/source/vendor/laravel/framework/src/Illuminate/Routing/Pipeline.php(53): Illuminate\Foundation\Http\Kernel->Illuminate\Foundation\Http\{closure}()
#32 /home/admin/domains/ketabnews.com/source/vendor/laravel/framework/src/Illuminate/Foundation/Http/Middleware/CheckForMaintenanceMode.php(46): Illuminate\Routing\Pipeline->Illuminate\Routing\{closure}()
#33 /home/admin/domains/ketabnews.com/source/vendor/laravel/framework/src/Illuminate/Pipeline/Pipeline.php(137): Illuminate\Foundation\Http\Middleware\CheckForMaintenanceMode->handle()
#34 /home/admin/domains/ketabnews.com/source/vendor/laravel/framework/src/Illuminate/Routing/Pipeline.php(33): Illuminate\Pipeline\Pipeline->Illuminate\Pipeline\{closure}()
#35 /home/admin/domains/ketabnews.com/source/vendor/laravel/framework/src/Illuminate/Pipeline/Pipeline.php(104): Illuminate\Routing\Pipeline->Illuminate\Routing\{closure}()
#36 /home/admin/domains/ketabnews.com/source/vendor/laravel/framework/src/Illuminate/Foundation/Http/Kernel.php(150): Illuminate\Pipeline\Pipeline->then()
#37 /home/admin/domains/ketabnews.com/source/vendor/laravel/framework/src/Illuminate/Foundation/Http/Kernel.php(117): Illuminate\Foundation\Http\Kernel->sendRequestThroughRouter()
#38 /home/admin/domains/ketabnews.com/public_html/index.php(53): Illuminate\Foundation\Http\Kernel->handle()
#39 {main}  
[2021-05-05 13:13:29] local.ERROR: Intervention\Image\Exception\NotWritableException: Can't write image data to path (images/162020378266636035_455x290.jpg) in /home/admin/domains/ketabnews.com/source/vendor/intervention/image/src/Intervention/Image/Image.php:143
Stack trace:
#0 /home/admin/domains/ketabnews.com/source/app/Http/Controllers/FileController.php(62): Intervention\Image\Image->save()
#1 [internal function]: App\Http\Controllers\FileController->create()
#2 /home/admin/domains/ketabnews.com/source/vendor/laravel/framework/src/Illuminate/Routing/Controller.php(55): call_user_func_array()
#3 /home/admin/domains/ketabnews.com/source/vendor/laravel/framework/src/Illuminate/Routing/ControllerDispatcher.php(44): Illuminate\Routing\Controller->callAction()
#4 /home/admin/domains/ketabnews.com/source/vendor/laravel/framework/src/Illuminate/Routing/Route.php(189): Illuminate\Routing\ControllerDispatcher->dispatch()
#5 /home/admin/domains/ketabnews.com/source/vendor/laravel/framework/src/Illuminate/Routing/Route.php(144): Illuminate\Routing\Route->runController()
#6 /home/admin/domains/ketabnews.com/source/vendor/laravel/framework/src/Illuminate/Routing/Router.php(653): Illuminate\Routing\Route->run()
#7 /home/admin/domains/ketabnews.com/source/vendor/laravel/framework/src/Illuminate/Routing/Pipeline.php(53): Illuminate\Routing\Router->Illuminate\Routing\{closure}()
#8 /home/admin/domains/ketabnews.com/source/vendor/laravel/framework/src/Illuminate/Routing/Middleware/SubstituteBindings.php(41): Illuminate\Routing\Pipeline->Illuminate\Routing\{closure}()
#9 /home/admin/domains/ketabnews.com/source/vendor/laravel/framework/src/Illuminate/Pipeline/Pipeline.php(137): Illuminate\Routing\Middleware\SubstituteBindings->handle()
#10 /home/admin/domains/ketabnews.com/source/vendor/laravel/framework/src/Illuminate/Routing/Pipeline.php(33): Illuminate\Pipeline\Pipeline->Illuminate\Pipeline\{closure}()
#11 /home/admin/domains/ketabnews.com/source/vendor/laravel/framework/src/Illuminate/Foundation/Http/Middleware/VerifyCsrfToken.php(65): Illuminate\Routing\Pipeline->Illuminate\Routing\{closure}()
#12 /home/admin/domains/ketabnews.com/source/vendor/laravel/framework/src/Illuminate/Pipeline/Pipeline.php(137): Illuminate\Foundation\Http\Middleware\VerifyCsrfToken->handle()
#13 /home/admin/domains/ketabnews.com/source/vendor/laravel/framework/src/Illuminate/Routing/Pipeline.php(33): Illuminate\Pipeline\Pipeline->Illuminate\Pipeline\{closure}()
#14 /home/admin/domains/ketabnews.com/source/vendor/laravel/framework/src/Illuminate/View/Middleware/ShareErrorsFromSession.php(49): Illuminate\Routing\Pipeline->Illuminate\Routing\{closure}()
#15 /home/admin/domains/ketabnews.com/source/vendor/laravel/framework/src/Illuminate/Pipeline/Pipeline.php(137): Illuminate\View\Middleware\ShareErrorsFromSession->handle()
#16 /home/admin/domains/ketabnews.com/source/vendor/laravel/framework/src/Illuminate/Routing/Pipeline.php(33): Illuminate\Pipeline\Pipeline->Illuminate\Pipeline\{closure}()
#17 /home/admin/domains/ketabnews.com/source/vendor/laravel/framework/src/Illuminate/Session/Middleware/StartSession.php(64): Illuminate\Routing\Pipeline->Illuminate\Routing\{closure}()
#18 /home/admin/domains/ketabnews.com/source/vendor/laravel/framework/src/Illuminate/Pipeline/Pipeline.php(137): Illuminate\Session\Middleware\StartSession->handle()
#19 /home/admin/domains/ketabnews.com/source/vendor/laravel/framework/src/Illuminate/Routing/Pipeline.php(33): Illuminate\Pipeline\Pipeline->Illuminate\Pipeline\{closure}()
#20 /home/admin/domains/ketabnews.com/source/vendor/laravel/framework/src/Illuminate/Cookie/Middleware/AddQueuedCookiesToResponse.php(37): Illuminate\Routing\Pipeline->Illuminate\Routing\{closure}()
#21 /home/admin/domains/ketabnews.com/source/vendor/laravel/framework/src/Illuminate/Pipeline/Pipeline.php(137): Illuminate\Cookie\Middleware\AddQueuedCookiesToResponse->handle()
#22 /home/admin/domains/ketabnews.com/source/vendor/laravel/framework/src/Illuminate/Routing/Pipeline.php(33): Illuminate\Pipeline\Pipeline->Illuminate\Pipeline\{closure}()
#23 /home/admin/domains/ketabnews.com/source/vendor/laravel/framework/src/Illuminate/Cookie/Middleware/EncryptCookies.php(59): Illuminate\Routing\Pipeline->Illuminate\Routing\{closure}()
#24 /home/admin/domains/ketabnews.com/source/vendor/laravel/framework/src/Illuminate/Pipeline/Pipeline.php(137): Illuminate\Cookie\Middleware\EncryptCookies->handle()
#25 /home/admin/domains/ketabnews.com/source/vendor/laravel/framework/src/Illuminate/Routing/Pipeline.php(33): Illuminate\Pipeline\Pipeline->Illuminate\Pipeline\{closure}()
#26 /home/admin/domains/ketabnews.com/source/vendor/laravel/framework/src/Illuminate/Pipeline/Pipeline.php(104): Illuminate\Routing\Pipeline->Illuminate\Routing\{closure}()
#27 /home/admin/domains/ketabnews.com/source/vendor/laravel/framework/src/Illuminate/Routing/Router.php(655): Illuminate\Pipeline\Pipeline->then()
#28 /home/admin/domains/ketabnews.com/source/vendor/laravel/framework/src/Illuminate/Routing/Router.php(629): Illuminate\Routing\Router->runRouteWithinStack()
#29 /home/admin/domains/ketabnews.com/source/vendor/laravel/framework/src/Illuminate/Routing/Router.php(607): Illuminate\Routing\Router->dispatchToRoute()
#30 /home/admin/domains/ketabnews.com/source/vendor/laravel/framework/src/Illuminate/Foundation/Http/Kernel.php(268): Illuminate\Routing\Router->dispatch()
#31 /home/admin/domains/ketabnews.com/source/vendor/laravel/framework/src/Illuminate/Routing/Pipeline.php(53): Illuminate\Foundation\Http\Kernel->Illuminate\Foundation\Http\{closure}()
#32 /home/admin/domains/ketabnews.com/source/vendor/barryvdh/laravel-debugbar/src/Middleware/Debugbar.php(51): Illuminate\Routing\Pipeline->Illuminate\Routing\{closure}()
#33 /home/admin/domains/ketabnews.com/source/vendor/laravel/framework/src/Illuminate/Pipeline/Pipeline.php(137): Barryvdh\Debugbar\Middleware\Debugbar->handle()
#34 /home/admin/domains/ketabnews.com/source/vendor/laravel/framework/src/Illuminate/Routing/Pipeline.php(33): Illuminate\Pipeline\Pipeline->Illuminate\Pipeline\{closure}()
#35 /home/admin/domains/ketabnews.com/source/vendor/laravel/framework/src/Illuminate/Foundation/Http/Middleware/CheckForMaintenanceMode.php(46): Illuminate\Routing\Pipeline->Illuminate\Routing\{closure}()
#36 /home/admin/domains/ketabnews.com/source/vendor/laravel/framework/src/Illuminate/Pipeline/Pipeline.php(137): Illuminate\Foundation\Http\Middleware\CheckForMaintenanceMode->handle()
#37 /home/admin/domains/ketabnews.com/source/vendor/laravel/framework/src/Illuminate/Routing/Pipeline.php(33): Illuminate\Pipeline\Pipeline->Illuminate\Pipeline\{closure}()
#38 /home/admin/domains/ketabnews.com/source/vendor/laravel/framework/src/Illuminate/Pipeline/Pipeline.php(104): Illuminate\Routing\Pipeline->Illuminate\Routing\{closure}()
#39 /home/admin/domains/ketabnews.com/source/vendor/laravel/framework/src/Illuminate/Foundation/Http/Kernel.php(150): Illuminate\Pipeline\Pipeline->then()
#40 /home/admin/domains/ketabnews.com/source/vendor/laravel/framework/src/Illuminate/Foundation/Http/Kernel.php(117): Illuminate\Foundation\Http\Kernel->sendRequestThroughRouter()
#41 /home/admin/domains/ketabnews.com/public_html/index.php(53): Illuminate\Foundation\Http\Kernel->handle()
#42 {main}  
[2021-05-05 13:14:42] local.ERROR: Intervention\Image\Exception\NotWritableException: Can't write image data to path (images/162020378266636035_455x290.jpg) in /home/admin/domains/ketabnews.com/source/vendor/intervention/image/src/Intervention/Image/Image.php:143
Stack trace:
#0 /home/admin/domains/ketabnews.com/source/app/Http/Controllers/FileController.php(62): Intervention\Image\Image->save()
#1 [internal function]: App\Http\Controllers\FileController->create()
#2 /home/admin/domains/ketabnews.com/source/vendor/laravel/framework/src/Illuminate/Routing/Controller.php(55): call_user_func_array()
#3 /home/admin/domains/ketabnews.com/source/vendor/laravel/framework/src/Illuminate/Routing/ControllerDispatcher.php(44): Illuminate\Routing\Controller->callAction()
#4 /home/admin/domains/ketabnews.com/source/vendor/laravel/framework/src/Illuminate/Routing/Route.php(189): Illuminate\Routing\ControllerDispatcher->dispatch()
#5 /home/admin/domains/ketabnews.com/source/vendor/laravel/framework/src/Illuminate/Routing/Route.php(144): Illuminate\Routing\Route->runController()
#6 /home/admin/domains/ketabnews.com/source/vendor/laravel/framework/src/Illuminate/Routing/Router.php(653): Illuminate\Routing\Route->run()
#7 /home/admin/domains/ketabnews.com/source/vendor/laravel/framework/src/Illuminate/Routing/Pipeline.php(53): Illuminate\Routing\Router->Illuminate\Routing\{closure}()
#8 /home/admin/domains/ketabnews.com/source/vendor/laravel/framework/src/Illuminate/Routing/Middleware/SubstituteBindings.php(41): Illuminate\Routing\Pipeline->Illuminate\Routing\{closure}()
#9 /home/admin/domains/ketabnews.com/source/vendor/laravel/framework/src/Illuminate/Pipeline/Pipeline.php(137): Illuminate\Routing\Middleware\SubstituteBindings->handle()
#10 /home/admin/domains/ketabnews.com/source/vendor/laravel/framework/src/Illuminate/Routing/Pipeline.php(33): Illuminate\Pipeline\Pipeline->Illuminate\Pipeline\{closure}()
#11 /home/admin/domains/ketabnews.com/source/vendor/laravel/framework/src/Illuminate/Foundation/Http/Middleware/VerifyCsrfToken.php(65): Illuminate\Routing\Pipeline->Illuminate\Routing\{closure}()
#12 /home/admin/domains/ketabnews.com/source/vendor/laravel/framework/src/Illuminate/Pipeline/Pipeline.php(137): Illuminate\Foundation\Http\Middleware\VerifyCsrfToken->handle()
#13 /home/admin/domains/ketabnews.com/source/vendor/laravel/framework/src/Illuminate/Routing/Pipeline.php(33): Illuminate\Pipeline\Pipeline->Illuminate\Pipeline\{closure}()
#14 /home/admin/domains/ketabnews.com/source/vendor/laravel/framework/src/Illuminate/View/Middleware/ShareErrorsFromSession.php(49): Illuminate\Routing\Pipeline->Illuminate\Routing\{closure}()
#15 /home/admin/domains/ketabnews.com/source/vendor/laravel/framework/src/Illuminate/Pipeline/Pipeline.php(137): Illuminate\View\Middleware\ShareErrorsFromSession->handle()
#16 /home/admin/domains/ketabnews.com/source/vendor/laravel/framework/src/Illuminate/Routing/Pipeline.php(33): Illuminate\Pipeline\Pipeline->Illuminate\Pipeline\{closure}()
#17 /home/admin/domains/ketabnews.com/source/vendor/laravel/framework/src/Illuminate/Session/Middleware/StartSession.php(64): Illuminate\Routing\Pipeline->Illuminate\Routing\{closure}()
#18 /home/admin/domains/ketabnews.com/source/vendor/laravel/framework/src/Illuminate/Pipeline/Pipeline.php(137): Illuminate\Session\Middleware\StartSession->handle()
#19 /home/admin/domains/ketabnews.com/source/vendor/laravel/framework/src/Illuminate/Routing/Pipeline.php(33): Illuminate\Pipeline\Pipeline->Illuminate\Pipeline\{closure}()
#20 /home/admin/domains/ketabnews.com/source/vendor/laravel/framework/src/Illuminate/Cookie/Middleware/AddQueuedCookiesToResponse.php(37): Illuminate\Routing\Pipeline->Illuminate\Routing\{closure}()
#21 /home/admin/domains/ketabnews.com/source/vendor/laravel/framework/src/Illuminate/Pipeline/Pipeline.php(137): Illuminate\Cookie\Middleware\AddQueuedCookiesToResponse->handle()
#22 /home/admin/domains/ketabnews.com/source/vendor/laravel/framework/src/Illuminate/Routing/Pipeline.php(33): Illuminate\Pipeline\Pipeline->Illuminate\Pipeline\{closure}()
#23 /home/admin/domains/ketabnews.com/source/vendor/laravel/framework/src/Illuminate/Cookie/Middleware/EncryptCookies.php(59): Illuminate\Routing\Pipeline->Illuminate\Routing\{closure}()
#24 /home/admin/domains/ketabnews.com/source/vendor/laravel/framework/src/Illuminate/Pipeline/Pipeline.php(137): Illuminate\Cookie\Middleware\EncryptCookies->handle()
#25 /home/admin/domains/ketabnews.com/source/vendor/laravel/framework/src/Illuminate/Routing/Pipeline.php(33): Illuminate\Pipeline\Pipeline->Illuminate\Pipeline\{closure}()
#26 /home/admin/domains/ketabnews.com/source/vendor/laravel/framework/src/Illuminate/Pipeline/Pipeline.php(104): Illuminate\Routing\Pipeline->Illuminate\Routing\{closure}()
#27 /home/admin/domains/ketabnews.com/source/vendor/laravel/framework/src/Illuminate/Routing/Router.php(655): Illuminate\Pipeline\Pipeline->then()
#28 /home/admin/domains/ketabnews.com/source/vendor/laravel/framework/src/Illuminate/Routing/Router.php(629): Illuminate\Routing\Router->runRouteWithinStack()
#29 /home/admin/domains/ketabnews.com/source/vendor/laravel/framework/src/Illuminate/Routing/Router.php(607): Illuminate\Routing\Router->dispatchToRoute()
#30 /home/admin/domains/ketabnews.com/source/vendor/laravel/framework/src/Illuminate/Foundation/Http/Kernel.php(268): Illuminate\Routing\Router->dispatch()
#31 /home/admin/domains/ketabnews.com/source/vendor/laravel/framework/src/Illuminate/Routing/Pipeline.php(53): Illuminate\Foundation\Http\Kernel->Illuminate\Foundation\Http\{closure}()
#32 /home/admin/domains/ketabnews.com/source/vendor/barryvdh/laravel-debugbar/src/Middleware/Debugbar.php(51): Illuminate\Routing\Pipeline->Illuminate\Routing\{closure}()
#33 /home/admin/domains/ketabnews.com/source/vendor/laravel/framework/src/Illuminate/Pipeline/Pipeline.php(137): Barryvdh\Debugbar\Middleware\Debugbar->handle()
#34 /home/admin/domains/ketabnews.com/source/vendor/laravel/framework/src/Illuminate/Routing/Pipeline.php(33): Illuminate\Pipeline\Pipeline->Illuminate\Pipeline\{closure}()
#35 /home/admin/domains/ketabnews.com/source/vendor/laravel/framework/src/Illuminate/Foundation/Http/Middleware/CheckForMaintenanceMode.php(46): Illuminate\Routing\Pipeline->Illuminate\Routing\{closure}()
#36 /home/admin/domains/ketabnews.com/source/vendor/laravel/framework/src/Illuminate/Pipeline/Pipeline.php(137): Illuminate\Foundation\Http\Middleware\CheckForMaintenanceMode->handle()
#37 /home/admin/domains/ketabnews.com/source/vendor/laravel/framework/src/Illuminate/Routing/Pipeline.php(33): Illuminate\Pipeline\Pipeline->Illuminate\Pipeline\{closure}()
#38 /home/admin/domains/ketabnews.com/source/vendor/laravel/framework/src/Illuminate/Pipeline/Pipeline.php(104): Illuminate\Routing\Pipeline->Illuminate\Routing\{closure}()
#39 /home/admin/domains/ketabnews.com/source/vendor/laravel/framework/src/Illuminate/Foundation/Http/Kernel.php(150): Illuminate\Pipeline\Pipeline->then()
#40 /home/admin/domains/ketabnews.com/source/vendor/laravel/framework/src/Illuminate/Foundation/Http/Kernel.php(117): Illuminate\Foundation\Http\Kernel->sendRequestThroughRouter()
#41 /home/admin/domains/ketabnews.com/public_html/index.php(53): Illuminate\Foundation\Http\Kernel->handle()
#42 {main}  
[2021-05-05 13:14:45] local.ERROR: Intervention\Image\Exception\NotWritableException: Can't write image data to path (images/162020378266636035_455x290.jpg) in /home/admin/domains/ketabnews.com/source/vendor/intervention/image/src/Intervention/Image/Image.php:143
Stack trace:
#0 /home/admin/domains/ketabnews.com/source/app/Http/Controllers/FileController.php(62): Intervention\Image\Image->save()
#1 [internal function]: App\Http\Controllers\FileController->create()
#2 /home/admin/domains/ketabnews.com/source/vendor/laravel/framework/src/Illuminate/Routing/Controller.php(55): call_user_func_array()
#3 /home/admin/domains/ketabnews.com/source/vendor/laravel/framework/src/Illuminate/Routing/ControllerDispatcher.php(44): Illuminate\Routing\Controller->callAction()
#4 /home/admin/domains/ketabnews.com/source/vendor/laravel/framework/src/Illuminate/Routing/Route.php(189): Illuminate\Routing\ControllerDispatcher->dispatch()
#5 /home/admin/domains/ketabnews.com/source/vendor/laravel/framework/src/Illuminate/Routing/Route.php(144): Illuminate\Routing\Route->runController()
#6 /home/admin/domains/ketabnews.com/source/vendor/laravel/framework/src/Illuminate/Routing/Router.php(653): Illuminate\Routing\Route->run()
#7 /home/admin/domains/ketabnews.com/source/vendor/laravel/framework/src/Illuminate/Routing/Pipeline.php(53): Illuminate\Routing\Router->Illuminate\Routing\{closure}()
#8 /home/admin/domains/ketabnews.com/source/vendor/laravel/framework/src/Illuminate/Routing/Middleware/SubstituteBindings.php(41): Illuminate\Routing\Pipeline->Illuminate\Routing\{closure}()
#9 /home/admin/domains/ketabnews.com/source/vendor/laravel/framework/src/Illuminate/Pipeline/Pipeline.php(137): Illuminate\Routing\Middleware\SubstituteBindings->handle()
#10 /home/admin/domains/ketabnews.com/source/vendor/laravel/framework/src/Illuminate/Routing/Pipeline.php(33): Illuminate\Pipeline\Pipeline->Illuminate\Pipeline\{closure}()
#11 /home/admin/domains/ketabnews.com/source/vendor/laravel/framework/src/Illuminate/Foundation/Http/Middleware/VerifyCsrfToken.php(65): Illuminate\Routing\Pipeline->Illuminate\Routing\{closure}()
#12 /home/admin/domains/ketabnews.com/source/vendor/laravel/framework/src/Illuminate/Pipeline/Pipeline.php(137): Illuminate\Foundation\Http\Middleware\VerifyCsrfToken->handle()
#13 /home/admin/domains/ketabnews.com/source/vendor/laravel/framework/src/Illuminate/Routing/Pipeline.php(33): Illuminate\Pipeline\Pipeline->Illuminate\Pipeline\{closure}()
#14 /home/admin/domains/ketabnews.com/source/vendor/laravel/framework/src/Illuminate/View/Middleware/ShareErrorsFromSession.php(49): Illuminate\Routing\Pipeline->Illuminate\Routing\{closure}()
#15 /home/admin/domains/ketabnews.com/source/vendor/laravel/framework/src/Illuminate/Pipeline/Pipeline.php(137): Illuminate\View\Middleware\ShareErrorsFromSession->handle()
#16 /home/admin/domains/ketabnews.com/source/vendor/laravel/framework/src/Illuminate/Routing/Pipeline.php(33): Illuminate\Pipeline\Pipeline->Illuminate\Pipeline\{closure}()
#17 /home/admin/domains/ketabnews.com/source/vendor/laravel/framework/src/Illuminate/Session/Middleware/StartSession.php(64): Illuminate\Routing\Pipeline->Illuminate\Routing\{closure}()
#18 /home/admin/domains/ketabnews.com/source/vendor/laravel/framework/src/Illuminate/Pipeline/Pipeline.php(137): Illuminate\Session\Middleware\StartSession->handle()
#19 /home/admin/domains/ketabnews.com/source/vendor/laravel/framework/src/Illuminate/Routing/Pipeline.php(33): Illuminate\Pipeline\Pipeline->Illuminate\Pipeline\{closure}()
#20 /home/admin/domains/ketabnews.com/source/vendor/laravel/framework/src/Illuminate/Cookie/Middleware/AddQueuedCookiesToResponse.php(37): Illuminate\Routing\Pipeline->Illuminate\Routing\{closure}()
#21 /home/admin/domains/ketabnews.com/source/vendor/laravel/framework/src/Illuminate/Pipeline/Pipeline.php(137): Illuminate\Cookie\Middleware\AddQueuedCookiesToResponse->handle()
#22 /home/admin/domains/ketabnews.com/source/vendor/laravel/framework/src/Illuminate/Routing/Pipeline.php(33): Illuminate\Pipeline\Pipeline->Illuminate\Pipeline\{closure}()
#23 /home/admin/domains/ketabnews.com/source/vendor/laravel/framework/src/Illuminate/Cookie/Middleware/EncryptCookies.php(59): Illuminate\Routing\Pipeline->Illuminate\Routing\{closure}()
#24 /home/admin/domains/ketabnews.com/source/vendor/laravel/framework/src/Illuminate/Pipeline/Pipeline.php(137): Illuminate\Cookie\Middleware\EncryptCookies->handle()
#25 /home/admin/domains/ketabnews.com/source/vendor/laravel/framework/src/Illuminate/Routing/Pipeline.php(33): Illuminate\Pipeline\Pipeline->Illuminate\Pipeline\{closure}()
#26 /home/admin/domains/ketabnews.com/source/vendor/laravel/framework/src/Illuminate/Pipeline/Pipeline.php(104): Illuminate\Routing\Pipeline->Illuminate\Routing\{closure}()
#27 /home/admin/domains/ketabnews.com/source/vendor/laravel/framework/src/Illuminate/Routing/Router.php(655): Illuminate\Pipeline\Pipeline->then()
#28 /home/admin/domains/ketabnews.com/source/vendor/laravel/framework/src/Illuminate/Routing/Router.php(629): Illuminate\Routing\Router->runRouteWithinStack()
#29 /home/admin/domains/ketabnews.com/source/vendor/laravel/framework/src/Illuminate/Routing/Router.php(607): Illuminate\Routing\Router->dispatchToRoute()
#30 /home/admin/domains/ketabnews.com/source/vendor/laravel/framework/src/Illuminate/Foundation/Http/Kernel.php(268): Illuminate\Routing\Router->dispatch()
#31 /home/admin/domains/ketabnews.com/source/vendor/laravel/framework/src/Illuminate/Routing/Pipeline.php(53): Illuminate\Foundation\Http\Kernel->Illuminate\Foundation\Http\{closure}()
#32 /home/admin/domains/ketabnews.com/source/vendor/barryvdh/laravel-debugbar/src/Middleware/Debugbar.php(51): Illuminate\Routing\Pipeline->Illuminate\Routing\{closure}()
#33 /home/admin/domains/ketabnews.com/source/vendor/laravel/framework/src/Illuminate/Pipeline/Pipeline.php(137): Barryvdh\Debugbar\Middleware\Debugbar->handle()
#34 /home/admin/domains/ketabnews.com/source/vendor/laravel/framework/src/Illuminate/Routing/Pipeline.php(33): Illuminate\Pipeline\Pipeline->Illuminate\Pipeline\{closure}()
#35 /home/admin/domains/ketabnews.com/source/vendor/laravel/framework/src/Illuminate/Foundation/Http/Middleware/CheckForMaintenanceMode.php(46): Illuminate\Routing\Pipeline->Illuminate\Routing\{closure}()
#36 /home/admin/domains/ketabnews.com/source/vendor/laravel/framework/src/Illuminate/Pipeline/Pipeline.php(137): Illuminate\Foundation\Http\Middleware\CheckForMaintenanceMode->handle()
#37 /home/admin/domains/ketabnews.com/source/vendor/laravel/framework/src/Illuminate/Routing/Pipeline.php(33): Illuminate\Pipeline\Pipeline->Illuminate\Pipeline\{closure}()
#38 /home/admin/domains/ketabnews.com/source/vendor/laravel/framework/src/Illuminate/Pipeline/Pipeline.php(104): Illuminate\Routing\Pipeline->Illuminate\Routing\{closure}()
#39 /home/admin/domains/ketabnews.com/source/vendor/laravel/framework/src/Illuminate/Foundation/Http/Kernel.php(150): Illuminate\Pipeline\Pipeline->then()
#40 /home/admin/domains/ketabnews.com/source/vendor/laravel/framework/src/Illuminate/Foundation/Http/Kernel.php(117): Illuminate\Foundation\Http\Kernel->sendRequestThroughRouter()
#41 /home/admin/domains/ketabnews.com/public_html/index.php(53): Illuminate\Foundation\Http\Kernel->handle()
#42 {main}  
[2021-05-05 13:36:52] local.ERROR: Intervention\Image\Exception\NotWritableException: Can't write image data to path (images/16202037261867134_455x290.jpg) in /home/admin/domains/ketabnews.com/source/vendor/intervention/image/src/Intervention/Image/Image.php:143
Stack trace:
#0 /home/admin/domains/ketabnews.com/source/app/Http/Controllers/FileController.php(62): Intervention\Image\Image->save()
#1 [internal function]: App\Http\Controllers\FileController->create()
#2 /home/admin/domains/ketabnews.com/source/vendor/laravel/framework/src/Illuminate/Routing/Controller.php(55): call_user_func_array()
#3 /home/admin/domains/ketabnews.com/source/vendor/laravel/framework/src/Illuminate/Routing/ControllerDispatcher.php(44): Illuminate\Routing\Controller->callAction()
#4 /home/admin/domains/ketabnews.com/source/vendor/laravel/framework/src/Illuminate/Routing/Route.php(189): Illuminate\Routing\ControllerDispatcher->dispatch()
#5 /home/admin/domains/ketabnews.com/source/vendor/laravel/framework/src/Illuminate/Routing/Route.php(144): Illuminate\Routing\Route->runController()
#6 /home/admin/domains/ketabnews.com/source/vendor/laravel/framework/src/Illuminate/Routing/Router.php(653): Illuminate\Routing\Route->run()
#7 /home/admin/domains/ketabnews.com/source/vendor/laravel/framework/src/Illuminate/Routing/Pipeline.php(53): Illuminate\Routing\Router->Illuminate\Routing\{closure}()
#8 /home/admin/domains/ketabnews.com/source/vendor/laravel/framework/src/Illuminate/Routing/Middleware/SubstituteBindings.php(41): Illuminate\Routing\Pipeline->Illuminate\Routing\{closure}()
#9 /home/admin/domains/ketabnews.com/source/vendor/laravel/framework/src/Illuminate/Pipeline/Pipeline.php(137): Illuminate\Routing\Middleware\SubstituteBindings->handle()
#10 /home/admin/domains/ketabnews.com/source/vendor/laravel/framework/src/Illuminate/Routing/Pipeline.php(33): Illuminate\Pipeline\Pipeline->Illuminate\Pipeline\{closure}()
#11 /home/admin/domains/ketabnews.com/source/vendor/laravel/framework/src/Illuminate/Foundation/Http/Middleware/VerifyCsrfToken.php(65): Illuminate\Routing\Pipeline->Illuminate\Routing\{closure}()
#12 /home/admin/domains/ketabnews.com/source/vendor/laravel/framework/src/Illuminate/Pipeline/Pipeline.php(137): Illuminate\Foundation\Http\Middleware\VerifyCsrfToken->handle()
#13 /home/admin/domains/ketabnews.com/source/vendor/laravel/framework/src/Illuminate/Routing/Pipeline.php(33): Illuminate\Pipeline\Pipeline->Illuminate\Pipeline\{closure}()
#14 /home/admin/domains/ketabnews.com/source/vendor/laravel/framework/src/Illuminate/View/Middleware/ShareErrorsFromSession.php(49): Illuminate\Routing\Pipeline->Illuminate\Routing\{closure}()
#15 /home/admin/domains/ketabnews.com/source/vendor/laravel/framework/src/Illuminate/Pipeline/Pipeline.php(137): Illuminate\View\Middleware\ShareErrorsFromSession->handle()
#16 /home/admin/domains/ketabnews.com/source/vendor/laravel/framework/src/Illuminate/Routing/Pipeline.php(33): Illuminate\Pipeline\Pipeline->Illuminate\Pipeline\{closure}()
#17 /home/admin/domains/ketabnews.com/source/vendor/laravel/framework/src/Illuminate/Session/Middleware/StartSession.php(64): Illuminate\Routing\Pipeline->Illuminate\Routing\{closure}()
#18 /home/admin/domains/ketabnews.com/source/vendor/laravel/framework/src/Illuminate/Pipeline/Pipeline.php(137): Illuminate\Session\Middleware\StartSession->handle()
#19 /home/admin/domains/ketabnews.com/source/vendor/laravel/framework/src/Illuminate/Routing/Pipeline.php(33): Illuminate\Pipeline\Pipeline->Illuminate\Pipeline\{closure}()
#20 /home/admin/domains/ketabnews.com/source/vendor/laravel/framework/src/Illuminate/Cookie/Middleware/AddQueuedCookiesToResponse.php(37): Illuminate\Routing\Pipeline->Illuminate\Routing\{closure}()
#21 /home/admin/domains/ketabnews.com/source/vendor/laravel/framework/src/Illuminate/Pipeline/Pipeline.php(137): Illuminate\Cookie\Middleware\AddQueuedCookiesToResponse->handle()
#22 /home/admin/domains/ketabnews.com/source/vendor/laravel/framework/src/Illuminate/Routing/Pipeline.php(33): Illuminate\Pipeline\Pipeline->Illuminate\Pipeline\{closure}()
#23 /home/admin/domains/ketabnews.com/source/vendor/laravel/framework/src/Illuminate/Cookie/Middleware/EncryptCookies.php(59): Illuminate\Routing\Pipeline->Illuminate\Routing\{closure}()
#24 /home/admin/domains/ketabnews.com/source/vendor/laravel/framework/src/Illuminate/Pipeline/Pipeline.php(137): Illuminate\Cookie\Middleware\EncryptCookies->handle()
#25 /home/admin/domains/ketabnews.com/source/vendor/laravel/framework/src/Illuminate/Routing/Pipeline.php(33): Illuminate\Pipeline\Pipeline->Illuminate\Pipeline\{closure}()
#26 /home/admin/domains/ketabnews.com/source/vendor/laravel/framework/src/Illuminate/Pipeline/Pipeline.php(104): Illuminate\Routing\Pipeline->Illuminate\Routing\{closure}()
#27 /home/admin/domains/ketabnews.com/source/vendor/laravel/framework/src/Illuminate/Routing/Router.php(655): Illuminate\Pipeline\Pipeline->then()
#28 /home/admin/domains/ketabnews.com/source/vendor/laravel/framework/src/Illuminate/Routing/Router.php(629): Illuminate\Routing\Router->runRouteWithinStack()
#29 /home/admin/domains/ketabnews.com/source/vendor/laravel/framework/src/Illuminate/Routing/Router.php(607): Illuminate\Routing\Router->dispatchToRoute()
#30 /home/admin/domains/ketabnews.com/source/vendor/laravel/framework/src/Illuminate/Foundation/Http/Kernel.php(268): Illuminate\Routing\Router->dispatch()
#31 /home/admin/domains/ketabnews.com/source/vendor/laravel/framework/src/Illuminate/Routing/Pipeline.php(53): Illuminate\Foundation\Http\Kernel->Illuminate\Foundation\Http\{closure}()
#32 /home/admin/domains/ketabnews.com/source/vendor/barryvdh/laravel-debugbar/src/Middleware/Debugbar.php(51): Illuminate\Routing\Pipeline->Illuminate\Routing\{closure}()
#33 /home/admin/domains/ketabnews.com/source/vendor/laravel/framework/src/Illuminate/Pipeline/Pipeline.php(137): Barryvdh\Debugbar\Middleware\Debugbar->handle()
#34 /home/admin/domains/ketabnews.com/source/vendor/laravel/framework/src/Illuminate/Routing/Pipeline.php(33): Illuminate\Pipeline\Pipeline->Illuminate\Pipeline\{closure}()
#35 /home/admin/domains/ketabnews.com/source/vendor/laravel/framework/src/Illuminate/Foundation/Http/Middleware/CheckForMaintenanceMode.php(46): Illuminate\Routing\Pipeline->Illuminate\Routing\{closure}()
#36 /home/admin/domains/ketabnews.com/source/vendor/laravel/framework/src/Illuminate/Pipeline/Pipeline.php(137): Illuminate\Foundation\Http\Middleware\CheckForMaintenanceMode->handle()
#37 /home/admin/domains/ketabnews.com/source/vendor/laravel/framework/src/Illuminate/Routing/Pipeline.php(33): Illuminate\Pipeline\Pipeline->Illuminate\Pipeline\{closure}()
#38 /home/admin/domains/ketabnews.com/source/vendor/laravel/framework/src/Illuminate/Pipeline/Pipeline.php(104): Illuminate\Routing\Pipeline->Illuminate\Routing\{closure}()
#39 /home/admin/domains/ketabnews.com/source/vendor/laravel/framework/src/Illuminate/Foundation/Http/Kernel.php(150): Illuminate\Pipeline\Pipeline->then()
#40 /home/admin/domains/ketabnews.com/source/vendor/laravel/framework/src/Illuminate/Foundation/Http/Kernel.php(117): Illuminate\Foundation\Http\Kernel->sendRequestThroughRouter()
#41 /home/admin/domains/ketabnews.com/public_html/index.php(53): Illuminate\Foundation\Http\Kernel->handle()
#42 {main}  
[2021-05-05 13:37:02] local.ERROR: Intervention\Image\Exception\NotWritableException: Can't write image data to path (images/16202037261867134_455x290.jpg) in /home/admin/domains/ketabnews.com/source/vendor/intervention/image/src/Intervention/Image/Image.php:143
Stack trace:
#0 /home/admin/domains/ketabnews.com/source/app/Http/Controllers/FileController.php(62): Intervention\Image\Image->save()
#1 [internal function]: App\Http\Controllers\FileController->create()
#2 /home/admin/domains/ketabnews.com/source/vendor/laravel/framework/src/Illuminate/Routing/Controller.php(55): call_user_func_array()
#3 /home/admin/domains/ketabnews.com/source/vendor/laravel/framework/src/Illuminate/Routing/ControllerDispatcher.php(44): Illuminate\Routing\Controller->callAction()
#4 /home/admin/domains/ketabnews.com/source/vendor/laravel/framework/src/Illuminate/Routing/Route.php(189): Illuminate\Routing\ControllerDispatcher->dispatch()
#5 /home/admin/domains/ketabnews.com/source/vendor/laravel/framework/src/Illuminate/Routing/Route.php(144): Illuminate\Routing\Route->runController()
#6 /home/admin/domains/ketabnews.com/source/vendor/laravel/framework/src/Illuminate/Routing/Router.php(653): Illuminate\Routing\Route->run()
#7 /home/admin/domains/ketabnews.com/source/vendor/laravel/framework/src/Illuminate/Routing/Pipeline.php(53): Illuminate\Routing\Router->Illuminate\Routing\{closure}()
#8 /home/admin/domains/ketabnews.com/source/vendor/laravel/framework/src/Illuminate/Routing/Middleware/SubstituteBindings.php(41): Illuminate\Routing\Pipeline->Illuminate\Routing\{closure}()
#9 /home/admin/domains/ketabnews.com/source/vendor/laravel/framework/src/Illuminate/Pipeline/Pipeline.php(137): Illuminate\Routing\Middleware\SubstituteBindings->handle()
#10 /home/admin/domains/ketabnews.com/source/vendor/laravel/framework/src/Illuminate/Routing/Pipeline.php(33): Illuminate\Pipeline\Pipeline->Illuminate\Pipeline\{closure}()
#11 /home/admin/domains/ketabnews.com/source/vendor/laravel/framework/src/Illuminate/Foundation/Http/Middleware/VerifyCsrfToken.php(65): Illuminate\Routing\Pipeline->Illuminate\Routing\{closure}()
#12 /home/admin/domains/ketabnews.com/source/vendor/laravel/framework/src/Illuminate/Pipeline/Pipeline.php(137): Illuminate\Foundation\Http\Middleware\VerifyCsrfToken->handle()
#13 /home/admin/domains/ketabnews.com/source/vendor/laravel/framework/src/Illuminate/Routing/Pipeline.php(33): Illuminate\Pipeline\Pipeline->Illuminate\Pipeline\{closure}()
#14 /home/admin/domains/ketabnews.com/source/vendor/laravel/framework/src/Illuminate/View/Middleware/ShareErrorsFromSession.php(49): Illuminate\Routing\Pipeline->Illuminate\Routing\{closure}()
#15 /home/admin/domains/ketabnews.com/source/vendor/laravel/framework/src/Illuminate/Pipeline/Pipeline.php(137): Illuminate\View\Middleware\ShareErrorsFromSession->handle()
#16 /home/admin/domains/ketabnews.com/source/vendor/laravel/framework/src/Illuminate/Routing/Pipeline.php(33): Illuminate\Pipeline\Pipeline->Illuminate\Pipeline\{closure}()
#17 /home/admin/domains/ketabnews.com/source/vendor/laravel/framework/src/Illuminate/Session/Middleware/StartSession.php(64): Illuminate\Routing\Pipeline->Illuminate\Routing\{closure}()
#18 /home/admin/domains/ketabnews.com/source/vendor/laravel/framework/src/Illuminate/Pipeline/Pipeline.php(137): Illuminate\Session\Middleware\StartSession->handle()
#19 /home/admin/domains/ketabnews.com/source/vendor/laravel/framework/src/Illuminate/Routing/Pipeline.php(33): Illuminate\Pipeline\Pipeline->Illuminate\Pipeline\{closure}()
#20 /home/admin/domains/ketabnews.com/source/vendor/laravel/framework/src/Illuminate/Cookie/Middleware/AddQueuedCookiesToResponse.php(37): Illuminate\Routing\Pipeline->Illuminate\Routing\{closure}()
#21 /home/admin/domains/ketabnews.com/source/vendor/laravel/framework/src/Illuminate/Pipeline/Pipeline.php(137): Illuminate\Cookie\Middleware\AddQueuedCookiesToResponse->handle()
#22 /home/admin/domains/ketabnews.com/source/vendor/laravel/framework/src/Illuminate/Routing/Pipeline.php(33): Illuminate\Pipeline\Pipeline->Illuminate\Pipeline\{closure}()
#23 /home/admin/domains/ketabnews.com/source/vendor/laravel/framework/src/Illuminate/Cookie/Middleware/EncryptCookies.php(59): Illuminate\Routing\Pipeline->Illuminate\Routing\{closure}()
#24 /home/admin/domains/ketabnews.com/source/vendor/laravel/framework/src/Illuminate/Pipeline/Pipeline.php(137): Illuminate\Cookie\Middleware\EncryptCookies->handle()
#25 /home/admin/domains/ketabnews.com/source/vendor/laravel/framework/src/Illuminate/Routing/Pipeline.php(33): Illuminate\Pipeline\Pipeline->Illuminate\Pipeline\{closure}()
#26 /home/admin/domains/ketabnews.com/source/vendor/laravel/framework/src/Illuminate/Pipeline/Pipeline.php(104): Illuminate\Routing\Pipeline->Illuminate\Routing\{closure}()
#27 /home/admin/domains/ketabnews.com/source/vendor/laravel/framework/src/Illuminate/Routing/Router.php(655): Illuminate\Pipeline\Pipeline->then()
#28 /home/admin/domains/ketabnews.com/source/vendor/laravel/framework/src/Illuminate/Routing/Router.php(629): Illuminate\Routing\Router->runRouteWithinStack()
#29 /home/admin/domains/ketabnews.com/source/vendor/laravel/framework/src/Illuminate/Routing/Router.php(607): Illuminate\Routing\Router->dispatchToRoute()
#30 /home/admin/domains/ketabnews.com/source/vendor/laravel/framework/src/Illuminate/Foundation/Http/Kernel.php(268): Illuminate\Routing\Router->dispatch()
#31 /home/admin/domains/ketabnews.com/source/vendor/laravel/framework/src/Illuminate/Routing/Pipeline.php(53): Illuminate\Foundation\Http\Kernel->Illuminate\Foundation\Http\{closure}()
#32 /home/admin/domains/ketabnews.com/source/vendor/barryvdh/laravel-debugbar/src/Middleware/Debugbar.php(51): Illuminate\Routing\Pipeline->Illuminate\Routing\{closure}()
#33 /home/admin/domains/ketabnews.com/source/vendor/laravel/framework/src/Illuminate/Pipeline/Pipeline.php(137): Barryvdh\Debugbar\Middleware\Debugbar->handle()
#34 /home/admin/domains/ketabnews.com/source/vendor/laravel/framework/src/Illuminate/Routing/Pipeline.php(33): Illuminate\Pipeline\Pipeline->Illuminate\Pipeline\{closure}()
#35 /home/admin/domains/ketabnews.com/source/vendor/laravel/framework/src/Illuminate/Foundation/Http/Middleware/CheckForMaintenanceMode.php(46): Illuminate\Routing\Pipeline->Illuminate\Routing\{closure}()
#36 /home/admin/domains/ketabnews.com/source/vendor/laravel/framework/src/Illuminate/Pipeline/Pipeline.php(137): Illuminate\Foundation\Http\Middleware\CheckForMaintenanceMode->handle()
#37 /home/admin/domains/ketabnews.com/source/vendor/laravel/framework/src/Illuminate/Routing/Pipeline.php(33): Illuminate\Pipeline\Pipeline->Illuminate\Pipeline\{closure}()
#38 /home/admin/domains/ketabnews.com/source/vendor/laravel/framework/src/Illuminate/Pipeline/Pipeline.php(104): Illuminate\Routing\Pipeline->Illuminate\Routing\{closure}()
#39 /home/admin/domains/ketabnews.com/source/vendor/laravel/framework/src/Illuminate/Foundation/Http/Kernel.php(150): Illuminate\Pipeline\Pipeline->then()
#40 /home/admin/domains/ketabnews.com/source/vendor/laravel/framework/src/Illuminate/Foundation/Http/Kernel.php(117): Illuminate\Foundation\Http\Kernel->sendRequestThroughRouter()
#41 /home/admin/domains/ketabnews.com/public_html/index.php(53): Illuminate\Foundation\Http\Kernel->handle()
#42 {main}  
